#
# There is insufficient memory for the Java Runtime Environment to continue.
# Native memory allocation (malloc) failed to allocate 32744 bytes for ChunkPool::allocate
# Possible reasons:
#   The system is out of physical RAM or swap space
#   In 32 bit mode, the process size limit was hit
# Possible solutions:
#   Reduce memory load on the system
#   Increase physical memory or swap space
#   Check if swap backing store is full
#   Use 64 bit Java on a 64 bit OS
#   Decrease Java heap size (-Xmx/-Xms)
#   Decrease number of Java threads
#   Decrease Java thread stack sizes (-Xss)
#   Set larger code cache with -XX:ReservedCodeCacheSize=
# This output file may be truncated or incomplete.
#
#  Out of Memory Error (allocation.cpp:273), pid=5668, tid=4200
#
# JRE version: Java(TM) SE Runtime Environment (8.0_25-b18) (build 1.8.0_25-b18)
# Java VM: Java HotSpot(TM) 64-Bit Server VM (25.25-b02 mixed mode windows-amd64 compressed oops)
# Failed to write core dump. Minidumps are not enabled by default on client versions of Windows
#

---------------  T H R E A D  ---------------

Current thread (0x0000000016e66000):  JavaThread "C2 CompilerThread0" daemon [_thread_in_native, id=4200, stack(0x00000000173f0000,0x00000000174f0000)]

Stack: [0x00000000173f0000,0x00000000174f0000]
Native frames: (J=compiled Java code, j=interpreted, Vv=VM code, C=native code)
V  [jvm.dll+0x31667a]


Current CompileTask:
C2:  12739 1806   !   4       com.android.dx.cf.cst.ConstantPoolParser::parse0 (731 bytes)


---------------  P R O C E S S  ---------------

Java Threads: ( => current thread )
  0x0000000017157000 JavaThread "pool-1-thread-4" [_thread_blocked, id=3348, stack(0x00000000185f0000,0x00000000186f0000)]
  0x0000000017ada000 JavaThread "pool-1-thread-3" [_thread_in_Java, id=5796, stack(0x00000000184f0000,0x00000000185f0000)]
  0x0000000017ad5000 JavaThread "pool-1-thread-2" [_thread_blocked, id=4064, stack(0x00000000183f0000,0x00000000184f0000)]
  0x0000000017111800 JavaThread "pool-2-thread-1" [_thread_blocked, id=7624, stack(0x00000000182f0000,0x00000000183f0000)]
  0x0000000017166800 JavaThread "pool-1-thread-1" [_thread_blocked, id=4468, stack(0x00000000181f0000,0x00000000182f0000)]
  0x0000000016eeb000 JavaThread "Service Thread" daemon [_thread_blocked, id=5408, stack(0x00000000177f0000,0x00000000178f0000)]
  0x0000000016eb0000 JavaThread "C1 CompilerThread3" daemon [_thread_blocked, id=7772, stack(0x00000000176f0000,0x00000000177f0000)]
  0x0000000016e70000 JavaThread "C2 CompilerThread2" daemon [_thread_blocked, id=2872, stack(0x00000000175f0000,0x00000000176f0000)]
  0x0000000016e69000 JavaThread "C2 CompilerThread1" daemon [_thread_blocked, id=4292, stack(0x00000000174f0000,0x00000000175f0000)]
=>0x0000000016e66000 JavaThread "C2 CompilerThread0" daemon [_thread_in_native, id=4200, stack(0x00000000173f0000,0x00000000174f0000)]
  0x0000000014e0e800 JavaThread "Attach Listener" daemon [_thread_blocked, id=5292, stack(0x00000000172f0000,0x00000000173f0000)]
  0x0000000014e0d000 JavaThread "Signal Dispatcher" daemon [_thread_blocked, id=3532, stack(0x00000000171f0000,0x00000000172f0000)]
  0x00000000022d8800 JavaThread "Finalizer" daemon [_thread_blocked, id=8724, stack(0x0000000016cf0000,0x0000000016df0000)]
  0x00000000022d2000 JavaThread "Reference Handler" daemon [_thread_blocked, id=5604, stack(0x0000000016bf0000,0x0000000016cf0000)]
  0x000000000216e800 JavaThread "main" [_thread_blocked, id=1828, stack(0x0000000001ff0000,0x00000000020f0000)]

Other Threads:
  0x0000000014df8800 VMThread [stack: 0x0000000016af0000,0x0000000016bf0000] [id=6504]
  0x0000000016eef800 WatcherThread [stack: 0x00000000178f0000,0x00000000179f0000] [id=9116]

VM state:synchronizing (normal execution)

VM Mutex/Monitor currently owned by a thread:  ([mutex/lock_event])
[0x000000000216d6e0] Safepoint_lock - owner thread: 0x0000000014df8800
[0x000000000216dce0] Threads_lock - owner thread: 0x0000000014df8800

Heap:
 PSYoungGen      total 102400K, used 29219K [0x00000000eab00000, 0x00000000f1300000, 0x0000000100000000)
  eden space 98304K, 25% used [0x00000000eab00000,0x00000000ec38a580,0x00000000f0b00000)
  from space 4096K, 99% used [0x00000000f0f00000,0x00000000f12fe7f0,0x00000000f1300000)
  to   space 4096K, 0% used [0x00000000f0b00000,0x00000000f0b00000,0x00000000f0f00000)
 ParOldGen       total 65536K, used 18791K [0x00000000c0000000, 0x00000000c4000000, 0x00000000eab00000)
  object space 65536K, 28% used [0x00000000c0000000,0x00000000c1259f20,0x00000000c4000000)
 Metaspace       used 6295K, capacity 7152K, committed 7296K, reserved 1056768K
  class space    used 596K, capacity 616K, committed 640K, reserved 1048576K

Card table byte_map: [0x00000000116a0000,0x00000000118b0000] byte_map_base: 0x00000000110a0000

Marking Bits: (ParMarkBitMap*) 0x00000000755ed490
 Begin Bits: [0x0000000012210000, 0x0000000013210000)
 End Bits:   [0x0000000013210000, 0x0000000014210000)

Polling page: 0x00000000007e0000

CodeCache: size=245760Kb used=8097Kb max_used=8126Kb free=237662Kb
 bounds [0x00000000022e0000, 0x0000000002ae0000, 0x00000000112e0000]
 total_blobs=2105 nmethods=1840 adapters=178
 compilation: enabled

Compilation events (10 events):
Event: 11.666 Thread 0x0000000016eb0000 1893       1       com.android.dx.cf.code.Ropper$ExceptionHandlerSetup::getCaughtType (5 bytes)
Event: 11.666 Thread 0x0000000016eb0000 nmethod 1893 0x0000000002a9d990 code [0x0000000002a9dae0, 0x0000000002a9dbf0]
Event: 11.819 Thread 0x0000000016eb0000 1895       2       com.android.dx.command.dexer.Main::access$1400 (4 bytes)
Event: 11.819 Thread 0x0000000016eb0000 nmethod 1895 0x0000000002a9d690 code [0x0000000002a9d7e0, 0x0000000002a9d910]
Event: 11.905 Thread 0x0000000016eb0000 1896   !   2       java.util.concurrent.FutureTask::run (126 bytes)
Event: 11.906 Thread 0x0000000016eb0000 nmethod 1896 0x0000000002a9ce10 code [0x0000000002a9cfc0, 0x0000000002a9d3e8]
Event: 11.909 Thread 0x0000000016eb0000 1897       2       com.android.dx.rop.code.Rops::opGetStatic (97 bytes)
Event: 11.910 Thread 0x0000000016eb0000 nmethod 1897 0x0000000002a9c450 code [0x0000000002a9c620, 0x0000000002a9cb58]
Event: 11.965 Thread 0x0000000016e70000 nmethod 1807 0x0000000002ac7450 code [0x0000000002ac7a20, 0x0000000002acc2c8]
Event: 11.966 Thread 0x0000000016e70000 1892       4       com.android.dx.ssa.LocalVariableExtractor::processBlock (383 bytes)

GC Heap History (8 events):
Event: 1.754 GC heap before
{Heap before GC invocations=1 (full 0):
 PSYoungGen      total 28672K, used 24576K [0x00000000eab00000, 0x00000000ecb00000, 0x0000000100000000)
  eden space 24576K, 100% used [0x00000000eab00000,0x00000000ec300000,0x00000000ec300000)
  from space 4096K, 0% used [0x00000000ec700000,0x00000000ec700000,0x00000000ecb00000)
  to   space 4096K, 0% used [0x00000000ec300000,0x00000000ec300000,0x00000000ec700000)
 ParOldGen       total 65536K, used 0K [0x00000000c0000000, 0x00000000c4000000, 0x00000000eab00000)
  object space 65536K, 0% used [0x00000000c0000000,0x00000000c0000000,0x00000000c4000000)
 Metaspace       used 5532K, capacity 6512K, committed 6784K, reserved 1056768K
  class space    used 588K, capacity 616K, committed 640K, reserved 1048576K
Event: 2.633 GC heap after
Heap after GC invocations=1 (full 0):
 PSYoungGen      total 28672K, used 3614K [0x00000000eab00000, 0x00000000ee300000, 0x0000000100000000)
  eden space 24576K, 0% used [0x00000000eab00000,0x00000000eab00000,0x00000000ec300000)
  from space 4096K, 88% used [0x00000000ec300000,0x00000000ec687a78,0x00000000ec700000)
  to   space 4096K, 0% used [0x00000000edf00000,0x00000000edf00000,0x00000000ee300000)
 ParOldGen       total 65536K, used 8K [0x00000000c0000000, 0x00000000c4000000, 0x00000000eab00000)
  object space 65536K, 0% used [0x00000000c0000000,0x00000000c0002000,0x00000000c4000000)
 Metaspace       used 5532K, capacity 6512K, committed 6784K, reserved 1056768K
  class space    used 588K, capacity 616K, committed 640K, reserved 1048576K
}
Event: 6.127 GC heap before
{Heap before GC invocations=2 (full 0):
 PSYoungGen      total 28672K, used 28190K [0x00000000eab00000, 0x00000000ee300000, 0x0000000100000000)
  eden space 24576K, 100% used [0x00000000eab00000,0x00000000ec300000,0x00000000ec300000)
  from space 4096K, 88% used [0x00000000ec300000,0x00000000ec687a78,0x00000000ec700000)
  to   space 4096K, 0% used [0x00000000edf00000,0x00000000edf00000,0x00000000ee300000)
 ParOldGen       total 65536K, used 8K [0x00000000c0000000, 0x00000000c4000000, 0x00000000eab00000)
  object space 65536K, 0% used [0x00000000c0000000,0x00000000c0002000,0x00000000c4000000)
 Metaspace       used 6096K, capacity 6960K, committed 7040K, reserved 1056768K
  class space    used 595K, capacity 616K, committed 640K, reserved 1048576K
Event: 7.012 GC heap after
Heap after GC invocations=2 (full 0):
 PSYoungGen      total 53248K, used 4079K [0x00000000eab00000, 0x00000000ee300000, 0x0000000100000000)
  eden space 49152K, 0% used [0x00000000eab00000,0x00000000eab00000,0x00000000edb00000)
  from space 4096K, 99% used [0x00000000edf00000,0x00000000ee2fbd58,0x00000000ee300000)
  to   space 4096K, 0% used [0x00000000edb00000,0x00000000edb00000,0x00000000edf00000)
 ParOldGen       total 65536K, used 2261K [0x00000000c0000000, 0x00000000c4000000, 0x00000000eab00000)
  object space 65536K, 3% used [0x00000000c0000000,0x00000000c0235478,0x00000000c4000000)
 Metaspace       used 6096K, capacity 6960K, committed 7040K, reserved 1056768K
  class space    used 595K, capacity 616K, committed 640K, reserved 1048576K
}
Event: 9.059 GC heap before
{Heap before GC invocations=3 (full 0):
 PSYoungGen      total 53248K, used 53231K [0x00000000eab00000, 0x00000000ee300000, 0x0000000100000000)
  eden space 49152K, 100% used [0x00000000eab00000,0x00000000edb00000,0x00000000edb00000)
  from space 4096K, 99% used [0x00000000edf00000,0x00000000ee2fbd58,0x00000000ee300000)
  to   space 4096K, 0% used [0x00000000edb00000,0x00000000edb00000,0x00000000edf00000)
 ParOldGen       total 65536K, used 2261K [0x00000000c0000000, 0x00000000c4000000, 0x00000000eab00000)
  object space 65536K, 3% used [0x00000000c0000000,0x00000000c0235478,0x00000000c4000000)
 Metaspace       used 6224K, capacity 7088K, committed 7296K, reserved 1056768K
  class space    used 596K, capacity 616K, committed 640K, reserved 1048576K
Event: 9.687 GC heap after
Heap after GC invocations=3 (full 0):
 PSYoungGen      total 53248K, used 4089K [0x00000000eab00000, 0x00000000f1300000, 0x0000000100000000)
  eden space 49152K, 0% used [0x00000000eab00000,0x00000000eab00000,0x00000000edb00000)
  from space 4096K, 99% used [0x00000000edb00000,0x00000000edefe7f0,0x00000000edf00000)
  to   space 4096K, 0% used [0x00000000f0f00000,0x00000000f0f00000,0x00000000f1300000)
 ParOldGen       total 65536K, used 10362K [0x00000000c0000000, 0x00000000c4000000, 0x00000000eab00000)
  object space 65536K, 15% used [0x00000000c0000000,0x00000000c0a1e918,0x00000000c4000000)
 Metaspace       used 6224K, capacity 7088K, committed 7296K, reserved 1056768K
  class space    used 596K, capacity 616K, committed 640K, reserved 1048576K
}
Event: 10.929 GC heap before
{Heap before GC invocations=4 (full 0):
 PSYoungGen      total 53248K, used 53241K [0x00000000eab00000, 0x00000000f1300000, 0x0000000100000000)
  eden space 49152K, 100% used [0x00000000eab00000,0x00000000edb00000,0x00000000edb00000)
  from space 4096K, 99% used [0x00000000edb00000,0x00000000edefe7f0,0x00000000edf00000)
  to   space 4096K, 0% used [0x00000000f0f00000,0x00000000f0f00000,0x00000000f1300000)
 ParOldGen       total 65536K, used 10362K [0x00000000c0000000, 0x00000000c4000000, 0x00000000eab00000)
  object space 65536K, 15% used [0x00000000c0000000,0x00000000c0a1e918,0x00000000c4000000)
 Metaspace       used 6280K, capacity 7152K, committed 7296K, reserved 1056768K
  class space    used 596K, capacity 616K, committed 640K, reserved 1048576K
Event: 11.129 GC heap after
Heap after GC invocations=4 (full 0):
 PSYoungGen      total 102400K, used 4089K [0x00000000eab00000, 0x00000000f1300000, 0x0000000100000000)
  eden space 98304K, 0% used [0x00000000eab00000,0x00000000eab00000,0x00000000f0b00000)
  from space 4096K, 99% used [0x00000000f0f00000,0x00000000f12fe7f0,0x00000000f1300000)
  to   space 4096K, 0% used [0x00000000f0b00000,0x00000000f0b00000,0x00000000f0f00000)
 ParOldGen       total 65536K, used 18791K [0x00000000c0000000, 0x00000000c4000000, 0x00000000eab00000)
  object space 65536K, 28% used [0x00000000c0000000,0x00000000c1259f20,0x00000000c4000000)
 Metaspace       used 6280K, capacity 7152K, committed 7296K, reserved 1056768K
  class space    used 596K, capacity 616K, committed 640K, reserved 1048576K
}

Deoptimization events (10 events):
Event: 7.950 Thread 0x0000000017157000 Uncommon trap: reason=bimorphic action=maybe_recompile pc=0x0000000002547650 method=java.util.HashMap.getNode(ILjava/lang/Object;)Ljava/util/HashMap$Node; @ 126
Event: 7.962 Thread 0x0000000017166800 Uncommon trap: reason=unreached action=reinterpret pc=0x000000000289d730 method=com.android.dx.ssa.SCCP.simulateBranch(Lcom/android/dx/ssa/SsaInsn;)V @ 132
Event: 7.963 Thread 0x0000000017166800 Uncommon trap: reason=unloaded action=reinterpret pc=0x00000000028ea878 method=com.android.dx.ssa.LiteralOpUpgrader$1.visitNonMoveInsn(Lcom/android/dx/ssa/NormalSsaInsn;)V @ 72
Event: 7.964 Thread 0x0000000017166800 Uncommon trap: reason=unreached action=reinterpret pc=0x00000000027c8edc method=com.android.dx.ssa.SsaMethod.updateOneDefinition(Lcom/android/dx/ssa/SsaInsn;Lcom/android/dx/rop/code/RegisterSpec;)V @ 4
Event: 7.970 Thread 0x0000000017157000 Uncommon trap: reason=unreached action=reinterpret pc=0x000000000297da70 method=com.android.dx.ssa.SsaRenamer$BlockRenamer.process()V @ 90
Event: 8.710 Thread 0x0000000017ada000 Uncommon trap: reason=unreached action=reinterpret pc=0x00000000028baabc method=com.android.dx.ssa.LocalVariableExtractor.processBlock(I)V @ 251
Event: 10.076 Thread 0x0000000017ad5000 Uncommon trap: reason=unreached action=reinterpret pc=0x0000000002a1d85c method=com.android.dx.ssa.SsaRenamer$BlockRenamer.process()V @ 90
Event: 10.650 Thread 0x0000000017157000 Uncommon trap: reason=bimorphic action=maybe_recompile pc=0x000000000299461c method=com.android.dx.cf.code.BytecodeArray.parseInstruction(ILcom/android/dx/cf/code/BytecodeArray$Visitor;)I @ 1130
Event: 10.651 Thread 0x0000000017157000 Uncommon trap: reason=bimorphic action=maybe_recompile pc=0x000000000299461c method=com.android.dx.cf.code.BytecodeArray.parseInstruction(ILcom/android/dx/cf/code/BytecodeArray$Visitor;)I @ 1130
Event: 11.406 Thread 0x0000000017166800 Uncommon trap: reason=bimorphic action=maybe_recompile pc=0x0000000002a63484 method=com.android.dx.cf.code.RopperMachine.run(Lcom/android/dx/cf/code/Frame;II)V @ 310

Internal exceptions (10 events):
Event: 2.702 Thread 0x0000000017ada000 Exception <a 'java/security/PrivilegedActionException'> (0x00000000eabd5fc8) thrown at [D:\re\workspace\8-2-build-windows-amd64-cygwin\jdk8u25\1677\hotspot\src\share\vm\prims\jvm.cpp, line 1312]
Event: 2.903 Thread 0x0000000017ada000 Exception <a 'java/security/PrivilegedActionException'> (0x00000000ead89a88) thrown at [D:\re\workspace\8-2-build-windows-amd64-cygwin\jdk8u25\1677\hotspot\src\share\vm\prims\jvm.cpp, line 1312]
Event: 3.493 Thread 0x000000000216e800 Exception <a 'java/security/PrivilegedActionException'> (0x00000000eae683b8) thrown at [D:\re\workspace\8-2-build-windows-amd64-cygwin\jdk8u25\1677\hotspot\src\share\vm\prims\jvm.cpp, line 1312]
Event: 3.493 Thread 0x000000000216e800 Exception <a 'java/security/PrivilegedActionException'> (0x00000000eae6ad60) thrown at [D:\re\workspace\8-2-build-windows-amd64-cygwin\jdk8u25\1677\hotspot\src\share\vm\prims\jvm.cpp, line 1312]
Event: 4.304 Thread 0x0000000017166800 Exception <a 'java/security/PrivilegedActionException'> (0x00000000eb26d5c8) thrown at [D:\re\workspace\8-2-build-windows-amd64-cygwin\jdk8u25\1677\hotspot\src\share\vm\prims\jvm.cpp, line 1312]
Event: 4.393 Thread 0x0000000017ada000 Implicit null exception at 0x000000000267b222 to 0x000000000267b321
Event: 4.654 Thread 0x0000000017157000 Exception <a 'java/security/PrivilegedActionException'> (0x00000000eb391a00) thrown at [D:\re\workspace\8-2-build-windows-amd64-cygwin\jdk8u25\1677\hotspot\src\share\vm\prims\jvm.cpp, line 1312]
Event: 7.855 Thread 0x0000000017166800 Implicit null exception at 0x0000000002952f40 to 0x00000000029556a1
Event: 7.937 Thread 0x000000000216e800 Exception <a 'java/security/PrivilegedActionException'> (0x00000000ec1ad248) thrown at [D:\re\workspace\8-2-build-windows-amd64-cygwin\jdk8u25\1677\hotspot\src\share\vm\prims\jvm.cpp, line 1312]
Event: 7.963 Thread 0x0000000017166800 Exception <a 'java/security/PrivilegedActionException'> (0x00000000ecd47958) thrown at [D:\re\workspace\8-2-build-windows-amd64-cygwin\jdk8u25\1677\hotspot\src\share\vm\prims\jvm.cpp, line 1312]

Events (10 events):
Event: 10.650 Thread 0x0000000017157000 DEOPT PACKING pc=0x000000000299461c sp=0x00000000186eea30
Event: 10.650 Thread 0x0000000017157000 DEOPT UNPACKING pc=0x000000000232556a sp=0x00000000186ee9c8 mode 2
Event: 10.651 Thread 0x0000000017157000 Uncommon trap: trap_request=0xffffffc6 fr.pc=0x000000000299461c
Event: 10.651 Thread 0x0000000017157000 DEOPT PACKING pc=0x000000000299461c sp=0x00000000186ee880
Event: 10.651 Thread 0x0000000017157000 DEOPT UNPACKING pc=0x000000000232556a sp=0x00000000186ee818 mode 2
Event: 10.929 Executing VM operation: ParallelGCFailedAllocation
Event: 11.129 Executing VM operation: ParallelGCFailedAllocation done
Event: 11.406 Thread 0x0000000017166800 Uncommon trap: trap_request=0xffffffc6 fr.pc=0x0000000002a63484
Event: 11.406 Thread 0x0000000017166800 DEOPT PACKING pc=0x0000000002a63484 sp=0x00000000182ee670
Event: 11.406 Thread 0x0000000017166800 DEOPT UNPACKING pc=0x000000000232556a sp=0x00000000182ee600 mode 2


Dynamic libraries:
0x00007ff6c6e40000 - 0x00007ff6c6e74000 	C:\Program Files\Java\jdk1.8.0_25\bin\java.exe
0x00007ffaf3530000 - 0x00007ffaf36dc000 	C:\Windows\SYSTEM32\ntdll.dll
0x00007ffaf2ee0000 - 0x00007ffaf301e000 	C:\Windows\system32\KERNEL32.DLL
0x00007ffaf0760000 - 0x00007ffaf0875000 	C:\Windows\system32\KERNELBASE.dll
0x00007ffaef210000 - 0x00007ffaef29e000 	C:\Windows\system32\apphelp.dll
0x00007ffadb640000 - 0x00007ffadb693000 	C:\Windows\AppPatch\AppPatch64\AcGenral.DLL
0x00007ffaf0d40000 - 0x00007ffaf0dea000 	C:\Windows\system32\msvcrt.dll
0x00007ffaf04c0000 - 0x00007ffaf04ee000 	C:\Windows\SYSTEM32\SspiCli.dll
0x00007ffaf2bc0000 - 0x00007ffaf2c14000 	C:\Windows\system32\SHLWAPI.dll
0x00007ffaf0bc0000 - 0x00007ffaf0d37000 	C:\Windows\system32\USER32.dll
0x00007ffaf0fb0000 - 0x00007ffaf1144000 	C:\Windows\system32\ole32.dll
0x00007ffaf1660000 - 0x00007ffaf2b79000 	C:\Windows\system32\SHELL32.dll
0x00007ffaefc30000 - 0x00007ffaefc51000 	C:\Windows\SYSTEM32\USERENV.dll
0x00007ffaf33c0000 - 0x00007ffaf346a000 	C:\Windows\system32\ADVAPI32.dll
0x00007ffae63a0000 - 0x00007ffae63be000 	C:\Windows\SYSTEM32\MPR.dll
0x00007ffaf2c80000 - 0x00007ffaf2dc1000 	C:\Windows\system32\RPCRT4.dll
0x00007ffaf1150000 - 0x00007ffaf11a9000 	C:\Windows\SYSTEM32\sechost.dll
0x00007ffaf31a0000 - 0x00007ffaf33b1000 	C:\Windows\SYSTEM32\combase.dll
0x00007ffaf0e60000 - 0x00007ffaf0fb0000 	C:\Windows\system32\GDI32.dll
0x00007ffaf0690000 - 0x00007ffaf06a5000 	C:\Windows\SYSTEM32\profapi.dll
0x00007ffaeecc0000 - 0x00007ffaeed72000 	C:\Windows\SYSTEM32\SHCORE.dll
0x00007ffaf2b80000 - 0x00007ffaf2bb6000 	C:\Windows\system32\IMM32.DLL
0x00007ffaf3020000 - 0x00007ffaf3172000 	C:\Windows\system32\MSCTF.dll
0x00007ffaee400000 - 0x00007ffaee67a000 	C:\Windows\WinSxS\amd64_microsoft.windows.common-controls_6595b64144ccf1df_6.0.9600.17810_none_6240b9c7ecbd0bda\COMCTL32.dll
0x00000000762d0000 - 0x00000000763a2000 	C:\Program Files\Java\jdk1.8.0_25\jre\bin\msvcr100.dll
0x0000000074e10000 - 0x000000007566a000 	C:\Program Files\Java\jdk1.8.0_25\jre\bin\server\jvm.dll
0x00007ffae71e0000 - 0x00007ffae71e9000 	C:\Windows\SYSTEM32\WSOCK32.dll
0x00007ffae7b70000 - 0x00007ffae7b92000 	C:\Windows\SYSTEM32\WINMM.dll
0x00007ffaf2dd0000 - 0x00007ffaf2dd7000 	C:\Windows\system32\PSAPI.DLL
0x00007ffaf1420000 - 0x00007ffaf147a000 	C:\Windows\system32\WS2_32.dll
0x00007ffae7b40000 - 0x00007ffae7b6a000 	C:\Windows\SYSTEM32\WINMMBASE.dll
0x00007ffaf2e00000 - 0x00007ffaf2e09000 	C:\Windows\system32\NSI.dll
0x00007ffaf08e0000 - 0x00007ffaf092f000 	C:\Windows\SYSTEM32\cfgmgr32.dll
0x00007ffaef4b0000 - 0x00007ffaef4d8000 	C:\Windows\SYSTEM32\DEVOBJ.dll
0x0000000050020000 - 0x000000005002f000 	C:\Program Files\Java\jdk1.8.0_25\jre\bin\verify.dll
0x00000000767f0000 - 0x0000000076818000 	C:\Program Files\Java\jdk1.8.0_25\jre\bin\java.dll
0x0000000050000000 - 0x0000000050016000 	C:\Program Files\Java\jdk1.8.0_25\jre\bin\zip.dll

VM Arguments:
jvm_args: -Djava.awt.headless=true -Xmx1024M -Dfile.encoding=windows-1256 -Duser.country=US -Duser.language=en -Duser.variant 
java_command: com.android.dx.command.Main --dex --num-threads=4 --output E:\MoviesApp\app\build\intermediates\pre-dexed\debug\com.android.support-support-v4-23.1.1_9d3d903fd68d1a06302e047e066813d8176b4e87.jar E:\MoviesApp\app\build\intermediates\exploded-aar\com.android.support\support-v4\23.1.1\jars\classes.jar
java_class_path (initial): C:\Android\sdk\build-tools\23.0.2\lib\dx.jar
Launcher Type: SUN_STANDARD

Environment Variables:
JAVA_HOME=C:\Program Files\Java\jdk1.8.0_25
PATH=C:\ProgramData\Oracle\Java\javapath;C:\Visual8\Common7\IDE;C:\Visual8\VC\BIN;C:\Visual8\Common7\Tools;C:\Visual8\Com;C:\Program Files\Microsoft SQL Server\120\Tools\Binn\;C:\Program Files\Microsoft SQL Server\Client SDK\ODBC\110\Tools\Binn\;C:\Program Files (x86)\Microsoft SQL Server\120\Tools\Binn\;C:\Program Files\Microsoft SQL Server\120\DTS\Binn\;C:\Program Files (x86)\Microsoft SQL Server\120\Tools\Binn\ManagementStudio\;C:\Program Files (x86)\Microsoft SQL Server\120\DTS\Binn\;C:\Program Files (x86)\AMD\ATI.ACE\Core-Static;C:\Program Files\Java\jdk1.8.0_25\bin;C:\wamp\bin\php\php5.5.12;C:\ProgramData\ComposerSetup\bin;C:\Program Files (x86)\CMake\bin;C:\Program Files (x86)\MySQL\MySQL Fabric 1.5.4 & MySQL Utilities 1.5.4 1.5\;C:\Program Files (x86)\MySQL\MySQL Fabric 1.5.4 & MySQL Utilities 1.5.4 1.5\Doctrine extensions for PHP\;C:\MinGW\bin;C:\MinGW\msys\1.0\bin;C:\Program Files (x86)\AMD APP SDK\3.0\bin\x86_64;C:\Program Files (x86)\AMD APP SDK\3.0\bin\x86;C:\Program Files (x86)\Common Files\lenovo\easyplussdk\bin;C:\Program Files\MATLAB\R2014b\runtime\win64;C:\Program Files\MATLAB\R2014b\bin;C:\Program Files (x86)\Common Files\Autodesk Shared\;C:\Program Files (x86)\Skype\Phone\;C:\Program Files (x86)\Microchip\mplabc18\v3.47\mpasm;C:\Program Files (x86)\Microchip\mplabc18\v3.47\bin;C:\Program Files\Intel\WiFi\bin\;C:\Program Files\Common Files\Intel\WirelessCommon\;C:\Users\Adel Ewis\AppData\Local\atom\bin
USERNAME=AdelEwis
OS=Windows_NT
PROCESSOR_IDENTIFIER=Intel64 Family 6 Model 58 Stepping 9, GenuineIntel



---------------  S Y S T E M  ---------------

OS: Windows 8.1 , 64 bit Build 9600 

CPU:total 8 (4 cores per cpu, 2 threads per core) family 6 model 58 stepping 9, cmov, cx8, fxsr, mmx, sse, sse2, sse3, ssse3, sse4.1, sse4.2, popcnt, avx, aes, clmul, erms, ht, tsc, tscinvbit, tscinv

Memory: 4k page, physical 6163816k(1273852k free), swap 9309544k(5084k free)

vm_info: Java HotSpot(TM) 64-Bit Server VM (25.25-b02) for windows-amd64 JRE (1.8.0_25-b18), built on Oct  7 2014 14:25:37 by "java_re" with MS VC++ 10.0 (VS2010)

time: Sat Jan 30 22:02:46 2016
elapsed time: 12 seconds (0d 0h 0m 12s)

