#
# There is insufficient memory for the Java Runtime Environment to continue.
# Native memory allocation (malloc) failed to allocate 1610896 bytes for Chunk::new
# Possible reasons:
#   The system is out of physical RAM or swap space
#   In 32 bit mode, the process size limit was hit
# Possible solutions:
#   Reduce memory load on the system
#   Increase physical memory or swap space
#   Check if swap backing store is full
#   Use 64 bit Java on a 64 bit OS
#   Decrease Java heap size (-Xmx/-Xms)
#   Decrease number of Java threads
#   Decrease Java thread stack sizes (-Xss)
#   Set larger code cache with -XX:ReservedCodeCacheSize=
# This output file may be truncated or incomplete.
#
#  Out of Memory Error (allocation.cpp:390), pid=5504, tid=8376
#
# JRE version: Java(TM) SE Runtime Environment (8.0_25-b18) (build 1.8.0_25-b18)
# Java VM: Java HotSpot(TM) 64-Bit Server VM (25.25-b02 mixed mode windows-amd64 compressed oops)
# Failed to write core dump. Minidumps are not enabled by default on client versions of Windows
#

---------------  T H R E A D  ---------------

Current thread (0x00000000174ae800):  JavaThread "C2 CompilerThread1" daemon [_thread_in_native, id=8376, stack(0x0000000017af0000,0x0000000017bf0000)]

Stack: [0x0000000017af0000,0x0000000017bf0000]
Native frames: (J=compiled Java code, j=interpreted, Vv=VM code, C=native code)
V  [jvm.dll+0x31667a]
V  [jvm.dll+0x267073]
V  [jvm.dll+0x267cb3]
V  [jvm.dll+0x25f5b5]
V  [jvm.dll+0xbf165]
V  [jvm.dll+0xbf60c]
V  [jvm.dll+0x45d672]
V  [jvm.dll+0x49e8ef]
V  [jvm.dll+0x452275]
V  [jvm.dll+0x453864]
V  [jvm.dll+0x437372]
V  [jvm.dll+0x98a02]
V  [jvm.dll+0x991f3]
V  [jvm.dll+0x22bde4]
V  [jvm.dll+0x2852fa]
C  [msvcr100.dll+0x21d9f]
C  [msvcr100.dll+0x21e3b]
C  [KERNEL32.DLL+0x13d2]
C  [ntdll.dll+0x15444]


Current CompileTask:
C2:  12715 1823   !   4       com.android.dx.cf.code.BytecodeArray::parseInstruction (2764 bytes)


---------------  P R O C E S S  ---------------

Java Threads: ( => current thread )
  0x0000000018014000 JavaThread "pool-1-thread-4" [_thread_in_Java, id=4940, stack(0x0000000018bf0000,0x0000000018cf0000)]
  0x0000000018013800 JavaThread "pool-1-thread-3" [_thread_in_Java, id=4408, stack(0x0000000018af0000,0x0000000018bf0000)]
  0x0000000017728000 JavaThread "pool-1-thread-2" [_thread_blocked, id=6084, stack(0x00000000189f0000,0x0000000018af0000)]
  0x0000000017727800 JavaThread "pool-2-thread-1" [_thread_blocked, id=6292, stack(0x00000000188f0000,0x00000000189f0000)]
  0x0000000017726800 JavaThread "pool-1-thread-1" [_thread_in_Java, id=972, stack(0x00000000187f0000,0x00000000188f0000)]
  0x00000000174c1800 JavaThread "Service Thread" daemon [_thread_blocked, id=4996, stack(0x0000000017df0000,0x0000000017ef0000)]
  0x00000000174b9800 JavaThread "C1 CompilerThread3" daemon [_thread_blocked, id=7740, stack(0x0000000017cf0000,0x0000000017df0000)]
  0x00000000174b6000 JavaThread "C2 CompilerThread2" daemon [_thread_in_native, id=5424, stack(0x0000000017bf0000,0x0000000017cf0000)]
=>0x00000000174ae800 JavaThread "C2 CompilerThread1" daemon [_thread_in_native, id=8376, stack(0x0000000017af0000,0x0000000017bf0000)]
  0x0000000017466800 JavaThread "C2 CompilerThread0" daemon [_thread_in_native, id=4596, stack(0x00000000179f0000,0x0000000017af0000)]
  0x0000000017464000 JavaThread "Attach Listener" daemon [_thread_blocked, id=7728, stack(0x00000000178f0000,0x00000000179f0000)]
  0x0000000017463800 JavaThread "Signal Dispatcher" daemon [_thread_blocked, id=6772, stack(0x00000000177f0000,0x00000000178f0000)]
  0x00000000027f9800 JavaThread "Finalizer" daemon [_thread_blocked, id=7560, stack(0x00000000172f0000,0x00000000173f0000)]
  0x00000000027f3000 JavaThread "Reference Handler" daemon [_thread_blocked, id=8860, stack(0x00000000171f0000,0x00000000172f0000)]
  0x00000000028ce800 JavaThread "main" [_thread_blocked, id=3328, stack(0x00000000025a0000,0x00000000026a0000)]

Other Threads:
  0x00000000153e8800 VMThread [stack: 0x00000000170f0000,0x00000000171f0000] [id=2832]
  0x00000000174c6800 WatcherThread [stack: 0x0000000017ef0000,0x0000000017ff0000] [id=3484]

VM state:not at safepoint (normal execution)

VM Mutex/Monitor currently owned by a thread:  ([mutex/lock_event])
[0x00000000028cd6e0] Heap_lock - owner thread: 0x0000000017728000

Heap:
 PSYoungGen      total 53248K, used 13782K [0x00000000eab00000, 0x00000000ee300000, 0x0000000100000000)
  eden space 49152K, 19% used [0x00000000eab00000,0x00000000eb47bd40,0x00000000edb00000)
  from space 4096K, 99% used [0x00000000edb00000,0x00000000edef9e88,0x00000000edf00000)
  to   space 4096K, 0% used [0x00000000edf00000,0x00000000edf00000,0x00000000ee300000)
 ParOldGen       total 65536K, used 10499K [0x00000000c0000000, 0x00000000c4000000, 0x00000000eab00000)
  object space 65536K, 16% used [0x00000000c0000000,0x00000000c0a40c98,0x00000000c4000000)
 Metaspace       used 6260K, capacity 7152K, committed 7296K, reserved 1056768K
  class space    used 596K, capacity 616K, committed 640K, reserved 1048576K

Card table byte_map: [0x0000000011c90000,0x0000000011ea0000] byte_map_base: 0x0000000011690000

Marking Bits: (ParMarkBitMap*) 0x00000000755ed490
 Begin Bits: [0x0000000012800000, 0x0000000013800000)
 End Bits:   [0x0000000013800000, 0x0000000014800000)

Polling page: 0x0000000000c10000

CodeCache: size=245760Kb used=8141Kb max_used=8141Kb free=237618Kb
 bounds [0x00000000028d0000, 0x00000000030d0000, 0x00000000118d0000]
 total_blobs=2079 nmethods=1813 adapters=178
 compilation: enabled

Compilation events (10 events):
Event: 12.591 Thread 0x00000000174b9800 1821   !   3       com.android.dx.cf.code.RopperMachine::run (1550 bytes)
Event: 12.615 Thread 0x00000000174ae800 nmethod 1813 0x00000000030a5450 code [0x00000000030a5700, 0x00000000030a7140]
Event: 12.615 Thread 0x00000000174ae800 1823   !   4       com.android.dx.cf.code.BytecodeArray::parseInstruction (2764 bytes)
Event: 12.621 Thread 0x00000000174b9800 nmethod 1821 0x00000000030a9510 code [0x00000000030aa720, 0x00000000030b9328]
Event: 12.621 Thread 0x00000000174b9800 1824       1       com.android.dx.rop.cst.CstKnownNull::hashCode (3 bytes)
Event: 12.621 Thread 0x00000000174b9800 nmethod 1824 0x000000000308b510 code [0x000000000308b660, 0x000000000308b770]
Event: 12.621 Thread 0x00000000174b9800 1826       1       com.android.dx.rop.cst.TypedConstant::getFrameType (2 bytes)
Event: 12.621 Thread 0x00000000174b9800 nmethod 1826 0x000000000308b250 code [0x000000000308b3a0, 0x000000000308b4b0]
Event: 12.621 Thread 0x00000000174b9800 1822       3       com.android.dx.rop.code.Rops::opMoveResultPseudo (23 bytes)
Event: 12.621 Thread 0x00000000174b9800 nmethod 1822 0x000000000308ac50 code [0x000000000308ade0, 0x000000000308b118]

GC Heap History (6 events):
Event: 2.380 GC heap before
{Heap before GC invocations=1 (full 0):
 PSYoungGen      total 28672K, used 24576K [0x00000000eab00000, 0x00000000ecb00000, 0x0000000100000000)
  eden space 24576K, 100% used [0x00000000eab00000,0x00000000ec300000,0x00000000ec300000)
  from space 4096K, 0% used [0x00000000ec700000,0x00000000ec700000,0x00000000ecb00000)
  to   space 4096K, 0% used [0x00000000ec300000,0x00000000ec300000,0x00000000ec700000)
 ParOldGen       total 65536K, used 0K [0x00000000c0000000, 0x00000000c4000000, 0x00000000eab00000)
  object space 65536K, 0% used [0x00000000c0000000,0x00000000c0000000,0x00000000c4000000)
 Metaspace       used 5817K, capacity 6768K, committed 7040K, reserved 1056768K
  class space    used 592K, capacity 616K, committed 640K, reserved 1048576K
Event: 2.504 GC heap after
Heap after GC invocations=1 (full 0):
 PSYoungGen      total 28672K, used 4085K [0x00000000eab00000, 0x00000000ee300000, 0x0000000100000000)
  eden space 24576K, 0% used [0x00000000eab00000,0x00000000eab00000,0x00000000ec300000)
  from space 4096K, 99% used [0x00000000ec300000,0x00000000ec6fd758,0x00000000ec700000)
  to   space 4096K, 0% used [0x00000000edf00000,0x00000000edf00000,0x00000000ee300000)
 ParOldGen       total 65536K, used 587K [0x00000000c0000000, 0x00000000c4000000, 0x00000000eab00000)
  object space 65536K, 0% used [0x00000000c0000000,0x00000000c0092d78,0x00000000c4000000)
 Metaspace       used 5817K, capacity 6768K, committed 7040K, reserved 1056768K
  class space    used 592K, capacity 616K, committed 640K, reserved 1048576K
}
Event: 4.155 GC heap before
{Heap before GC invocations=2 (full 0):
 PSYoungGen      total 28672K, used 28661K [0x00000000eab00000, 0x00000000ee300000, 0x0000000100000000)
  eden space 24576K, 100% used [0x00000000eab00000,0x00000000ec300000,0x00000000ec300000)
  from space 4096K, 99% used [0x00000000ec300000,0x00000000ec6fd758,0x00000000ec700000)
  to   space 4096K, 0% used [0x00000000edf00000,0x00000000edf00000,0x00000000ee300000)
 ParOldGen       total 65536K, used 587K [0x00000000c0000000, 0x00000000c4000000, 0x00000000eab00000)
  object space 65536K, 0% used [0x00000000c0000000,0x00000000c0092d78,0x00000000c4000000)
 Metaspace       used 6055K, capacity 6960K, committed 7040K, reserved 1056768K
  class space    used 594K, capacity 616K, committed 640K, reserved 1048576K
Event: 4.980 GC heap after
Heap after GC invocations=2 (full 0):
 PSYoungGen      total 53248K, used 4078K [0x00000000eab00000, 0x00000000ee300000, 0x0000000100000000)
  eden space 49152K, 0% used [0x00000000eab00000,0x00000000eab00000,0x00000000edb00000)
  from space 4096K, 99% used [0x00000000edf00000,0x00000000ee2fbae8,0x00000000ee300000)
  to   space 4096K, 0% used [0x00000000edb00000,0x00000000edb00000,0x00000000edf00000)
 ParOldGen       total 65536K, used 2986K [0x00000000c0000000, 0x00000000c4000000, 0x00000000eab00000)
  object space 65536K, 4% used [0x00000000c0000000,0x00000000c02ea928,0x00000000c4000000)
 Metaspace       used 6055K, capacity 6960K, committed 7040K, reserved 1056768K
  class space    used 594K, capacity 616K, committed 640K, reserved 1048576K
}
Event: 11.056 GC heap before
{Heap before GC invocations=3 (full 0):
 PSYoungGen      total 53248K, used 53230K [0x00000000eab00000, 0x00000000ee300000, 0x0000000100000000)
  eden space 49152K, 100% used [0x00000000eab00000,0x00000000edb00000,0x00000000edb00000)
  from space 4096K, 99% used [0x00000000edf00000,0x00000000ee2fbae8,0x00000000ee300000)
  to   space 4096K, 0% used [0x00000000edb00000,0x00000000edb00000,0x00000000edf00000)
 ParOldGen       total 65536K, used 2986K [0x00000000c0000000, 0x00000000c4000000, 0x00000000eab00000)
  object space 65536K, 4% used [0x00000000c0000000,0x00000000c02ea928,0x00000000c4000000)
 Metaspace       used 6249K, capacity 7088K, committed 7296K, reserved 1056768K
  class space    used 595K, capacity 616K, committed 640K, reserved 1048576K
Event: 12.465 GC heap after
Heap after GC invocations=3 (full 0):
 PSYoungGen      total 53248K, used 4071K [0x00000000eab00000, 0x00000000ee300000, 0x0000000100000000)
  eden space 49152K, 0% used [0x00000000eab00000,0x00000000eab00000,0x00000000edb00000)
  from space 4096K, 99% used [0x00000000edb00000,0x00000000edef9e88,0x00000000edf00000)
  to   space 4096K, 0% used [0x00000000edf00000,0x00000000edf00000,0x00000000ee300000)
 ParOldGen       total 65536K, used 10499K [0x00000000c0000000, 0x00000000c4000000, 0x00000000eab00000)
  object space 65536K, 16% used [0x00000000c0000000,0x00000000c0a40c98,0x00000000c4000000)
 Metaspace       used 6249K, capacity 7088K, committed 7296K, reserved 1056768K
  class space    used 595K, capacity 616K, committed 640K, reserved 1048576K
}

Deoptimization events (10 events):
Event: 9.552 Thread 0x0000000017726800 Uncommon trap: reason=bimorphic action=maybe_recompile pc=0x0000000002fd49d0 method=com.android.dx.ssa.SCCP.setLatticeValueTo(IILcom/android/dx/rop/cst/Constant;)Z @ 43
Event: 9.564 Thread 0x0000000017726800 Uncommon trap: reason=class_check action=maybe_recompile pc=0x0000000002e49fec method=com.android.dx.rop.code.RegisterSpec.withSimpleType()Lcom/android/dx/rop/code/RegisterSpec; @ 21
Event: 9.566 Thread 0x0000000017726800 Uncommon trap: reason=class_check action=maybe_recompile pc=0x0000000002e49fec method=com.android.dx.rop.code.RegisterSpec.withSimpleType()Lcom/android/dx/rop/code/RegisterSpec; @ 21
Event: 12.573 Thread 0x0000000017726800 Uncommon trap: reason=bimorphic action=maybe_recompile pc=0x0000000003096784 method=com.android.dx.cf.code.BytecodeArray.parseInstruction(ILcom/android/dx/cf/code/BytecodeArray$Visitor;)I @ 939
Event: 12.573 Thread 0x0000000017726800 Uncommon trap: reason=bimorphic action=maybe_recompile pc=0x0000000003096784 method=com.android.dx.cf.code.BytecodeArray.parseInstruction(ILcom/android/dx/cf/code/BytecodeArray$Visitor;)I @ 939
Event: 12.573 Thread 0x0000000017726800 Uncommon trap: reason=unreached action=reinterpret pc=0x0000000003024bc8 method=com.android.dx.cf.code.RopperMachine.run(Lcom/android/dx/cf/code/Frame;II)V @ 1500
Event: 12.574 Thread 0x0000000017726800 Uncommon trap: reason=class_check action=maybe_recompile pc=0x0000000003003f40 method=com.android.dx.cf.code.Ropper.processBlock(Lcom/android/dx/cf/code/ByteBlock;Lcom/android/dx/cf/code/Frame;[I)V @ 777
Event: 12.578 Thread 0x0000000017726800 Uncommon trap: reason=bimorphic action=maybe_recompile pc=0x0000000003096784 method=com.android.dx.cf.code.BytecodeArray.parseInstruction(ILcom/android/dx/cf/code/BytecodeArray$Visitor;)I @ 939
Event: 12.579 Thread 0x0000000017726800 Uncommon trap: reason=bimorphic action=maybe_recompile pc=0x0000000003096784 method=com.android.dx.cf.code.BytecodeArray.parseInstruction(ILcom/android/dx/cf/code/BytecodeArray$Visitor;)I @ 939
Event: 12.579 Thread 0x0000000017726800 Uncommon trap: reason=class_check action=maybe_recompile pc=0x0000000003003f40 method=com.android.dx.cf.code.Ropper.processBlock(Lcom/android/dx/cf/code/ByteBlock;Lcom/android/dx/cf/code/Frame;[I)V @ 777

Internal exceptions (10 events):
Event: 1.914 Thread 0x0000000018013800 Exception <a 'java/security/PrivilegedActionException'> (0x00000000eb7779f8) thrown at [D:\re\workspace\8-2-build-windows-amd64-cygwin\jdk8u25\1677\hotspot\src\share\vm\prims\jvm.cpp, line 1312]
Event: 1.914 Thread 0x0000000018013800 Exception <a 'java/security/PrivilegedActionException'> (0x00000000eb77d558) thrown at [D:\re\workspace\8-2-build-windows-amd64-cygwin\jdk8u25\1677\hotspot\src\share\vm\prims\jvm.cpp, line 1312]
Event: 1.916 Thread 0x00000000028ce800 Exception <a 'java/security/PrivilegedActionException'> (0x00000000ebb0b428) thrown at [D:\re\workspace\8-2-build-windows-amd64-cygwin\jdk8u25\1677\hotspot\src\share\vm\prims\jvm.cpp, line 1312]
Event: 1.927 Thread 0x00000000028ce800 Exception <a 'java/security/PrivilegedActionException'> (0x00000000ebb5a058) thrown at [D:\re\workspace\8-2-build-windows-amd64-cygwin\jdk8u25\1677\hotspot\src\share\vm\prims\jvm.cpp, line 1312]
Event: 1.988 Thread 0x00000000028ce800 Exception <a 'java/security/PrivilegedActionException'> (0x00000000ebc1a140) thrown at [D:\re\workspace\8-2-build-windows-amd64-cygwin\jdk8u25\1677\hotspot\src\share\vm\prims\jvm.cpp, line 1312]
Event: 2.008 Thread 0x0000000018013800 Exception <a 'java/security/PrivilegedActionException'> (0x00000000ebdb21d0) thrown at [D:\re\workspace\8-2-build-windows-amd64-cygwin\jdk8u25\1677\hotspot\src\share\vm\prims\jvm.cpp, line 1312]
Event: 2.519 Thread 0x0000000018013800 Exception <a 'java/security/PrivilegedActionException'> (0x00000000eac17e60) thrown at [D:\re\workspace\8-2-build-windows-amd64-cygwin\jdk8u25\1677\hotspot\src\share\vm\prims\jvm.cpp, line 1312]
Event: 2.738 Thread 0x0000000018014000 Exception <a 'java/security/PrivilegedActionException'> (0x00000000eaf11998) thrown at [D:\re\workspace\8-2-build-windows-amd64-cygwin\jdk8u25\1677\hotspot\src\share\vm\prims\jvm.cpp, line 1312]
Event: 8.309 Thread 0x00000000028ce800 Exception <a 'java/security/PrivilegedActionException'> (0x00000000eb66bb58) thrown at [D:\re\workspace\8-2-build-windows-amd64-cygwin\jdk8u25\1677\hotspot\src\share\vm\prims\jvm.cpp, line 1312]
Event: 8.730 Thread 0x0000000018013800 Exception <a 'java/security/PrivilegedActionException'> (0x00000000eb863f98) thrown at [D:\re\workspace\8-2-build-windows-amd64-cygwin\jdk8u25\1677\hotspot\src\share\vm\prims\jvm.cpp, line 1312]

Events (10 events):
Event: 12.574 Thread 0x0000000017726800 DEOPT UNPACKING pc=0x000000000291556a sp=0x00000000188eee28 mode 2
Event: 12.578 Thread 0x0000000017726800 Uncommon trap: trap_request=0xffffffc6 fr.pc=0x0000000003096784
Event: 12.578 Thread 0x0000000017726800 DEOPT PACKING pc=0x0000000003096784 sp=0x00000000188eeba0
Event: 12.578 Thread 0x0000000017726800 DEOPT UNPACKING pc=0x000000000291556a sp=0x00000000188eeb38 mode 2
Event: 12.579 Thread 0x0000000017726800 Uncommon trap: trap_request=0xffffffc6 fr.pc=0x0000000003096784
Event: 12.579 Thread 0x0000000017726800 DEOPT PACKING pc=0x0000000003096784 sp=0x00000000188eeca0
Event: 12.579 Thread 0x0000000017726800 DEOPT UNPACKING pc=0x000000000291556a sp=0x00000000188eec38 mode 2
Event: 12.579 Thread 0x0000000017726800 Uncommon trap: trap_request=0xffffffde fr.pc=0x0000000003003f40
Event: 12.579 Thread 0x0000000017726800 DEOPT PACKING pc=0x0000000003003f40 sp=0x00000000188eee80
Event: 12.579 Thread 0x0000000017726800 DEOPT UNPACKING pc=0x000000000291556a sp=0x00000000188eee28 mode 2


Dynamic libraries:
0x00007ff6c6e40000 - 0x00007ff6c6e74000 	C:\Program Files\Java\jdk1.8.0_25\bin\java.exe
0x00007ffaf3530000 - 0x00007ffaf36dc000 	C:\Windows\SYSTEM32\ntdll.dll
0x00007ffaf2ee0000 - 0x00007ffaf301e000 	C:\Windows\system32\KERNEL32.DLL
0x00007ffaf0760000 - 0x00007ffaf0875000 	C:\Windows\system32\KERNELBASE.dll
0x00007ffaef210000 - 0x00007ffaef29e000 	C:\Windows\system32\apphelp.dll
0x00007ffadb640000 - 0x00007ffadb693000 	C:\Windows\AppPatch\AppPatch64\AcGenral.DLL
0x00007ffaf0d40000 - 0x00007ffaf0dea000 	C:\Windows\system32\msvcrt.dll
0x00007ffaf04c0000 - 0x00007ffaf04ee000 	C:\Windows\SYSTEM32\SspiCli.dll
0x00007ffaf2bc0000 - 0x00007ffaf2c14000 	C:\Windows\system32\SHLWAPI.dll
0x00007ffaf0bc0000 - 0x00007ffaf0d37000 	C:\Windows\system32\USER32.dll
0x00007ffaf0fb0000 - 0x00007ffaf1144000 	C:\Windows\system32\ole32.dll
0x00007ffaf1660000 - 0x00007ffaf2b79000 	C:\Windows\system32\SHELL32.dll
0x00007ffaefc30000 - 0x00007ffaefc51000 	C:\Windows\SYSTEM32\USERENV.dll
0x00007ffaf33c0000 - 0x00007ffaf346a000 	C:\Windows\system32\ADVAPI32.dll
0x00007ffae63a0000 - 0x00007ffae63be000 	C:\Windows\SYSTEM32\MPR.dll
0x00007ffaf2c80000 - 0x00007ffaf2dc1000 	C:\Windows\system32\RPCRT4.dll
0x00007ffaf1150000 - 0x00007ffaf11a9000 	C:\Windows\SYSTEM32\sechost.dll
0x00007ffaf31a0000 - 0x00007ffaf33b1000 	C:\Windows\SYSTEM32\combase.dll
0x00007ffaf0e60000 - 0x00007ffaf0fb0000 	C:\Windows\system32\GDI32.dll
0x00007ffaf0690000 - 0x00007ffaf06a5000 	C:\Windows\SYSTEM32\profapi.dll
0x00007ffaeecc0000 - 0x00007ffaeed72000 	C:\Windows\SYSTEM32\SHCORE.dll
0x00007ffaf2b80000 - 0x00007ffaf2bb6000 	C:\Windows\system32\IMM32.DLL
0x00007ffaf3020000 - 0x00007ffaf3172000 	C:\Windows\system32\MSCTF.dll
0x00007ffaee400000 - 0x00007ffaee67a000 	C:\Windows\WinSxS\amd64_microsoft.windows.common-controls_6595b64144ccf1df_6.0.9600.17810_none_6240b9c7ecbd0bda\COMCTL32.dll
0x00000000762d0000 - 0x00000000763a2000 	C:\Program Files\Java\jdk1.8.0_25\jre\bin\msvcr100.dll
0x0000000074e10000 - 0x000000007566a000 	C:\Program Files\Java\jdk1.8.0_25\jre\bin\server\jvm.dll
0x00007ffae71e0000 - 0x00007ffae71e9000 	C:\Windows\SYSTEM32\WSOCK32.dll
0x00007ffae7b70000 - 0x00007ffae7b92000 	C:\Windows\SYSTEM32\WINMM.dll
0x00007ffaf2dd0000 - 0x00007ffaf2dd7000 	C:\Windows\system32\PSAPI.DLL
0x00007ffaf1420000 - 0x00007ffaf147a000 	C:\Windows\system32\WS2_32.dll
0x00007ffae7b40000 - 0x00007ffae7b6a000 	C:\Windows\SYSTEM32\WINMMBASE.dll
0x00007ffaf2e00000 - 0x00007ffaf2e09000 	C:\Windows\system32\NSI.dll
0x00007ffaf08e0000 - 0x00007ffaf092f000 	C:\Windows\SYSTEM32\cfgmgr32.dll
0x00007ffaef4b0000 - 0x00007ffaef4d8000 	C:\Windows\SYSTEM32\DEVOBJ.dll
0x0000000050020000 - 0x000000005002f000 	C:\Program Files\Java\jdk1.8.0_25\jre\bin\verify.dll
0x00000000767f0000 - 0x0000000076818000 	C:\Program Files\Java\jdk1.8.0_25\jre\bin\java.dll
0x0000000050000000 - 0x0000000050016000 	C:\Program Files\Java\jdk1.8.0_25\jre\bin\zip.dll
0x00007ffadf200000 - 0x00007ffadf389000 	C:\Windows\SYSTEM32\dbghelp.dll

VM Arguments:
jvm_args: -Djava.awt.headless=true -Xmx1024M -Dfile.encoding=windows-1256 -Duser.country=US -Duser.language=en -Duser.variant 
java_command: com.android.dx.command.Main --dex --num-threads=4 --output E:\MoviesApp\app\build\intermediates\pre-dexed\debug\com.android.support-appcompat-v7-23.1.1_e58bf7ccdde050be2c71e3f62150abbf59efa773.jar E:\MoviesApp\app\build\intermediates\exploded-aar\com.android.support\appcompat-v7\23.1.1\jars\classes.jar
java_class_path (initial): C:\Android\sdk\build-tools\23.0.2\lib\dx.jar
Launcher Type: SUN_STANDARD

Environment Variables:
JAVA_HOME=C:\Program Files\Java\jdk1.8.0_25
PATH=C:\ProgramData\Oracle\Java\javapath;C:\Visual8\Common7\IDE;C:\Visual8\VC\BIN;C:\Visual8\Common7\Tools;C:\Visual8\Com;C:\Program Files\Microsoft SQL Server\120\Tools\Binn\;C:\Program Files\Microsoft SQL Server\Client SDK\ODBC\110\Tools\Binn\;C:\Program Files (x86)\Microsoft SQL Server\120\Tools\Binn\;C:\Program Files\Microsoft SQL Server\120\DTS\Binn\;C:\Program Files (x86)\Microsoft SQL Server\120\Tools\Binn\ManagementStudio\;C:\Program Files (x86)\Microsoft SQL Server\120\DTS\Binn\;C:\Program Files (x86)\AMD\ATI.ACE\Core-Static;C:\Program Files\Java\jdk1.8.0_25\bin;C:\wamp\bin\php\php5.5.12;C:\ProgramData\ComposerSetup\bin;C:\Program Files (x86)\CMake\bin;C:\Program Files (x86)\MySQL\MySQL Fabric 1.5.4 & MySQL Utilities 1.5.4 1.5\;C:\Program Files (x86)\MySQL\MySQL Fabric 1.5.4 & MySQL Utilities 1.5.4 1.5\Doctrine extensions for PHP\;C:\MinGW\bin;C:\MinGW\msys\1.0\bin;C:\Program Files (x86)\AMD APP SDK\3.0\bin\x86_64;C:\Program Files (x86)\AMD APP SDK\3.0\bin\x86;C:\Program Files (x86)\Common Files\lenovo\easyplussdk\bin;C:\Program Files\MATLAB\R2014b\runtime\win64;C:\Program Files\MATLAB\R2014b\bin;C:\Program Files (x86)\Common Files\Autodesk Shared\;C:\Program Files (x86)\Skype\Phone\;C:\Program Files (x86)\Microchip\mplabc18\v3.47\mpasm;C:\Program Files (x86)\Microchip\mplabc18\v3.47\bin;C:\Program Files\Intel\WiFi\bin\;C:\Program Files\Common Files\Intel\WirelessCommon\;C:\Users\Adel Ewis\AppData\Local\atom\bin
USERNAME=AdelEwis
OS=Windows_NT
PROCESSOR_IDENTIFIER=Intel64 Family 6 Model 58 Stepping 9, GenuineIntel



---------------  S Y S T E M  ---------------

OS: Windows 8.1 , 64 bit Build 9600 

CPU:total 8 (4 cores per cpu, 2 threads per core) family 6 model 58 stepping 9, cmov, cx8, fxsr, mmx, sse, sse2, sse3, ssse3, sse4.1, sse4.2, popcnt, avx, aes, clmul, erms, ht, tsc, tscinvbit, tscinv

Memory: 4k page, physical 6163816k(1276096k free), swap 9309544k(6472k free)

vm_info: Java HotSpot(TM) 64-Bit Server VM (25.25-b02) for windows-amd64 JRE (1.8.0_25-b18), built on Oct  7 2014 14:25:37 by "java_re" with MS VC++ 10.0 (VS2010)

time: Sat Jan 30 22:02:46 2016
elapsed time: 12 seconds (0d 0h 0m 12s)

