#
# There is insufficient memory for the Java Runtime Environment to continue.
# Native memory allocation (malloc) failed to allocate 2139056 bytes for Chunk::new
# Possible reasons:
#   The system is out of physical RAM or swap space
#   In 32 bit mode, the process size limit was hit
# Possible solutions:
#   Reduce memory load on the system
#   Increase physical memory or swap space
#   Check if swap backing store is full
#   Use 64 bit Java on a 64 bit OS
#   Decrease Java heap size (-Xmx/-Xms)
#   Decrease number of Java threads
#   Decrease Java thread stack sizes (-Xss)
#   Set larger code cache with -XX:ReservedCodeCacheSize=
# This output file may be truncated or incomplete.
#
#  Out of Memory Error (allocation.cpp:390), pid=6064, tid=4388
#
# JRE version: Java(TM) SE Runtime Environment (8.0_25-b18) (build 1.8.0_25-b18)
# Java VM: Java HotSpot(TM) 64-Bit Server VM (25.25-b02 mixed mode windows-amd64 compressed oops)
# Failed to write core dump. Minidumps are not enabled by default on client versions of Windows
#

---------------  T H R E A D  ---------------

Current thread (0x000000001794a000):  JavaThread "C2 CompilerThread1" daemon [_thread_in_native, id=4388, stack(0x0000000017fd0000,0x00000000180d0000)]

Stack: [0x0000000017fd0000,0x00000000180d0000]
Native frames: (J=compiled Java code, j=interpreted, Vv=VM code, C=native code)
V  [jvm.dll+0x31667a]
V  [jvm.dll+0x267073]
V  [jvm.dll+0x267cb3]
V  [jvm.dll+0x25f5b5]
V  [jvm.dll+0xbf165]
V  [jvm.dll+0xbf60c]
V  [jvm.dll+0x45d672]
V  [jvm.dll+0x49e8ef]
V  [jvm.dll+0x452b41]
V  [jvm.dll+0x453864]
V  [jvm.dll+0x437372]
V  [jvm.dll+0x98a02]
V  [jvm.dll+0x991f3]
V  [jvm.dll+0x22bde4]
V  [jvm.dll+0x2852fa]
C  [msvcr100.dll+0x21d9f]
C  [msvcr100.dll+0x21e3b]
C  [KERNEL32.DLL+0x13d2]
C  [ntdll.dll+0x15444]


Current CompileTask:
C2:  12462 1882   !   4       com.android.dx.cf.code.BytecodeArray::parseInstruction (2764 bytes)


---------------  P R O C E S S  ---------------

Java Threads: ( => current thread )
  0x00000000179da000 JavaThread "Service Thread" daemon [_thread_blocked, id=2764, stack(0x00000000182d0000,0x00000000183d0000)]
  0x000000001796e800 JavaThread "C1 CompilerThread3" daemon [_thread_blocked, id=7328, stack(0x00000000181d0000,0x00000000182d0000)]
  0x0000000017953800 JavaThread "C2 CompilerThread2" daemon [_thread_blocked, id=7932, stack(0x00000000180d0000,0x00000000181d0000)]
=>0x000000001794a000 JavaThread "C2 CompilerThread1" daemon [_thread_in_native, id=4388, stack(0x0000000017fd0000,0x00000000180d0000)]
  0x0000000017946800 JavaThread "C2 CompilerThread0" daemon [_thread_blocked, id=5080, stack(0x0000000017ed0000,0x0000000017fd0000)]
  0x0000000017944000 JavaThread "Attach Listener" daemon [_thread_blocked, id=5936, stack(0x0000000017dd0000,0x0000000017ed0000)]
  0x0000000017943800 JavaThread "Signal Dispatcher" daemon [_thread_blocked, id=2104, stack(0x0000000017cd0000,0x0000000017dd0000)]
  0x0000000002dd9800 JavaThread "Finalizer" daemon [_thread_blocked, id=8140, stack(0x00000000177d0000,0x00000000178d0000)]
  0x0000000002dd2000 JavaThread "Reference Handler" daemon [_thread_blocked, id=7964, stack(0x00000000176d0000,0x00000000177d0000)]
  0x00000000012fe800 JavaThread "main" [_thread_blocked, id=2956, stack(0x0000000002b60000,0x0000000002c60000)]

Other Threads:
  0x00000000158f8800 VMThread [stack: 0x00000000175d0000,0x00000000176d0000] [id=6688]
  0x00000000179eb000 WatcherThread [stack: 0x00000000183d0000,0x00000000184d0000] [id=6344]

VM state:not at safepoint (normal execution)

VM Mutex/Monitor currently owned by a thread:  ([mutex/lock_event])
[0x00000000012fdee0] Heap_lock - owner thread: 0x00000000012fe800

Heap:
 PSYoungGen      total 53248K, used 4096K [0x00000000eab00000, 0x00000000ee300000, 0x0000000100000000)
  eden space 49152K, 0% used [0x00000000eab00000,0x00000000eab00020,0x00000000edb00000)
  from space 4096K, 100% used [0x00000000edb00000,0x00000000edf00000,0x00000000edf00000)
  to   space 4096K, 0% used [0x00000000edf00000,0x00000000edf00000,0x00000000ee300000)
 ParOldGen       total 65536K, used 11664K [0x00000000c0000000, 0x00000000c4000000, 0x00000000eab00000)
  object space 65536K, 17% used [0x00000000c0000000,0x00000000c0b64270,0x00000000c4000000)
 Metaspace       used 6310K, capacity 7152K, committed 7296K, reserved 1056768K
  class space    used 597K, capacity 616K, committed 640K, reserved 1048576K

Card table byte_map: [0x00000000121a0000,0x00000000123b0000] byte_map_base: 0x0000000011ba0000

Marking Bits: (ParMarkBitMap*) 0x00000000755ed490
 Begin Bits: [0x0000000012d10000, 0x0000000013d10000)
 End Bits:   [0x0000000013d10000, 0x0000000014d10000)

Polling page: 0x0000000001190000

CodeCache: size=245760Kb used=8257Kb max_used=8257Kb free=237503Kb
 bounds [0x0000000002de0000, 0x0000000003600000, 0x0000000011de0000]
 total_blobs=2190 nmethods=1926 adapters=178
 compilation: enabled

Compilation events (10 events):
Event: 11.618 Thread 0x000000001796e800 1929       3       com.android.dx.dex.file.OffsettedItem::equals (45 bytes)
Event: 11.619 Thread 0x0000000017953800 1930       4       com.android.dx.rop.cst.Constant::compareTo (33 bytes)
Event: 11.619 Thread 0x000000001796e800 nmethod 1929 0x00000000035f0750 code [0x00000000035f0900, 0x00000000035f0e88]
Event: 11.621 Thread 0x0000000017953800 nmethod 1930 0x00000000035f2090 code [0x00000000035f21e0, 0x00000000035f23b8]
Event: 11.622 Thread 0x000000001796e800 1931       3       com.android.dx.rop.annotation.NameValuePair::compareTo (30 bytes)
Event: 11.966 Thread 0x000000001796e800 nmethod 1931 0x00000000035f4e50 code [0x00000000035f5080, 0x00000000035f6058]
Event: 11.966 Thread 0x000000001796e800 1933       3       com.android.dx.rop.annotation.Annotation::compareTo (147 bytes)
Event: 11.969 Thread 0x000000001796e800 nmethod 1933 0x00000000035f66d0 code [0x00000000035f6a00, 0x00000000035f8668]
Event: 11.969 Thread 0x000000001796e800 1932       3       com.android.dx.dex.file.MethodAnnotationStruct::addContents (35 bytes)
Event: 11.970 Thread 0x000000001796e800 nmethod 1932 0x00000000035f4650 code [0x00000000035f47e0, 0x00000000035f4cf8]

GC Heap History (6 events):
Event: 1.960 GC heap before
{Heap before GC invocations=1 (full 0):
 PSYoungGen      total 28672K, used 24576K [0x00000000eab00000, 0x00000000ecb00000, 0x0000000100000000)
  eden space 24576K, 100% used [0x00000000eab00000,0x00000000ec300000,0x00000000ec300000)
  from space 4096K, 0% used [0x00000000ec700000,0x00000000ec700000,0x00000000ecb00000)
  to   space 4096K, 0% used [0x00000000ec300000,0x00000000ec300000,0x00000000ec700000)
 ParOldGen       total 65536K, used 0K [0x00000000c0000000, 0x00000000c4000000, 0x00000000eab00000)
  object space 65536K, 0% used [0x00000000c0000000,0x00000000c0000000,0x00000000c4000000)
 Metaspace       used 5862K, capacity 6768K, committed 7040K, reserved 1056768K
  class space    used 589K, capacity 616K, committed 640K, reserved 1048576K
Event: 2.583 GC heap after
Heap after GC invocations=1 (full 0):
 PSYoungGen      total 28672K, used 4071K [0x00000000eab00000, 0x00000000ee300000, 0x0000000100000000)
  eden space 24576K, 0% used [0x00000000eab00000,0x00000000eab00000,0x00000000ec300000)
  from space 4096K, 99% used [0x00000000ec300000,0x00000000ec6f9e30,0x00000000ec700000)
  to   space 4096K, 0% used [0x00000000edf00000,0x00000000edf00000,0x00000000ee300000)
 ParOldGen       total 65536K, used 1075K [0x00000000c0000000, 0x00000000c4000000, 0x00000000eab00000)
  object space 65536K, 1% used [0x00000000c0000000,0x00000000c010ccc8,0x00000000c4000000)
 Metaspace       used 5862K, capacity 6768K, committed 7040K, reserved 1056768K
  class space    used 589K, capacity 616K, committed 640K, reserved 1048576K
}
Event: 3.892 GC heap before
{Heap before GC invocations=2 (full 0):
 PSYoungGen      total 28672K, used 28647K [0x00000000eab00000, 0x00000000ee300000, 0x0000000100000000)
  eden space 24576K, 100% used [0x00000000eab00000,0x00000000ec300000,0x00000000ec300000)
  from space 4096K, 99% used [0x00000000ec300000,0x00000000ec6f9e30,0x00000000ec700000)
  to   space 4096K, 0% used [0x00000000edf00000,0x00000000edf00000,0x00000000ee300000)
 ParOldGen       total 65536K, used 1075K [0x00000000c0000000, 0x00000000c4000000, 0x00000000eab00000)
  object space 65536K, 1% used [0x00000000c0000000,0x00000000c010ccc8,0x00000000c4000000)
 Metaspace       used 6111K, capacity 7024K, committed 7296K, reserved 1056768K
  class space    used 590K, capacity 616K, committed 640K, reserved 1048576K
Event: 4.840 GC heap after
Heap after GC invocations=2 (full 0):
 PSYoungGen      total 53248K, used 4076K [0x00000000eab00000, 0x00000000ee300000, 0x0000000100000000)
  eden space 49152K, 0% used [0x00000000eab00000,0x00000000eab00000,0x00000000edb00000)
  from space 4096K, 99% used [0x00000000edf00000,0x00000000ee2fb2e0,0x00000000ee300000)
  to   space 4096K, 0% used [0x00000000edb00000,0x00000000edb00000,0x00000000edf00000)
 ParOldGen       total 65536K, used 4123K [0x00000000c0000000, 0x00000000c4000000, 0x00000000eab00000)
  object space 65536K, 6% used [0x00000000c0000000,0x00000000c0406c10,0x00000000c4000000)
 Metaspace       used 6111K, capacity 7024K, committed 7296K, reserved 1056768K
  class space    used 590K, capacity 616K, committed 640K, reserved 1048576K
}
Event: 11.623 GC heap before
{Heap before GC invocations=3 (full 0):
 PSYoungGen      total 53248K, used 53228K [0x00000000eab00000, 0x00000000ee300000, 0x0000000100000000)
  eden space 49152K, 100% used [0x00000000eab00000,0x00000000edb00000,0x00000000edb00000)
  from space 4096K, 99% used [0x00000000edf00000,0x00000000ee2fb2e0,0x00000000ee300000)
  to   space 4096K, 0% used [0x00000000edb00000,0x00000000edb00000,0x00000000edf00000)
 ParOldGen       total 65536K, used 4123K [0x00000000c0000000, 0x00000000c4000000, 0x00000000eab00000)
  object space 65536K, 6% used [0x00000000c0000000,0x00000000c0406c10,0x00000000c4000000)
 Metaspace       used 6308K, capacity 7152K, committed 7296K, reserved 1056768K
  class space    used 597K, capacity 616K, committed 640K, reserved 1048576K
Event: 11.959 GC heap after
Heap after GC invocations=3 (full 0):
 PSYoungGen      total 53248K, used 4096K [0x00000000eab00000, 0x00000000ee300000, 0x0000000100000000)
  eden space 49152K, 0% used [0x00000000eab00000,0x00000000eab00000,0x00000000edb00000)
  from space 4096K, 100% used [0x00000000edb00000,0x00000000edf00000,0x00000000edf00000)
  to   space 4096K, 0% used [0x00000000edf00000,0x00000000edf00000,0x00000000ee300000)
 ParOldGen       total 65536K, used 11664K [0x00000000c0000000, 0x00000000c4000000, 0x00000000eab00000)
  object space 65536K, 17% used [0x00000000c0000000,0x00000000c0b64270,0x00000000c4000000)
 Metaspace       used 6308K, capacity 7152K, committed 7296K, reserved 1056768K
  class space    used 597K, capacity 616K, committed 640K, reserved 1048576K
}

Deoptimization events (10 events):
Event: 11.524 Thread 0x00000000012fe800 Uncommon trap: reason=class_check action=maybe_recompile pc=0x00000000032706e4 method=java.util.Arrays.hashCode([Ljava/lang/Object;)I @ 43
Event: 11.524 Thread 0x00000000012fe800 Uncommon trap: reason=class_check action=maybe_recompile pc=0x00000000032706e4 method=java.util.Arrays.hashCode([Ljava/lang/Object;)I @ 43
Event: 11.524 Thread 0x00000000012fe800 Uncommon trap: reason=class_check action=maybe_recompile pc=0x00000000032706e4 method=java.util.Arrays.hashCode([Ljava/lang/Object;)I @ 43
Event: 11.524 Thread 0x00000000012fe800 Uncommon trap: reason=class_check action=maybe_recompile pc=0x00000000031fab48 method=java.util.Arrays.hashCode([Ljava/lang/Object;)I @ 43
Event: 11.525 Thread 0x00000000012fe800 Uncommon trap: reason=bimorphic action=maybe_recompile pc=0x000000000305ef14 method=java.util.HashMap.getNode(ILjava/lang/Object;)Ljava/util/HashMap$Node; @ 126
Event: 11.575 Thread 0x00000000012fe800 Uncommon trap: reason=bimorphic action=maybe_recompile pc=0x000000000305ef14 method=java.util.HashMap.getNode(ILjava/lang/Object;)Ljava/util/HashMap$Node; @ 126
Event: 11.605 Thread 0x00000000012fe800 Uncommon trap: reason=bimorphic action=maybe_recompile pc=0x000000000305ef14 method=java.util.HashMap.getNode(ILjava/lang/Object;)Ljava/util/HashMap$Node; @ 126
Event: 11.605 Thread 0x00000000012fe800 Uncommon trap: reason=bimorphic action=maybe_recompile pc=0x000000000305ef14 method=java.util.HashMap.getNode(ILjava/lang/Object;)Ljava/util/HashMap$Node; @ 126
Event: 11.606 Thread 0x00000000012fe800 Uncommon trap: reason=bimorphic action=maybe_recompile pc=0x000000000300ce90 method=java.util.HashMap.getNode(ILjava/lang/Object;)Ljava/util/HashMap$Node; @ 126
Event: 11.615 Thread 0x00000000012fe800 Uncommon trap: reason=class_check action=maybe_recompile pc=0x000000000358d2e4 method=java.util.HashMap.putVal(ILjava/lang/Object;Ljava/lang/Object;ZZ)Ljava/lang/Object; @ 203

Internal exceptions (10 events):
Event: 1.474 Thread 0x00000000012fe800 Exception <a 'java/security/PrivilegedActionException'> (0x00000000ebf4ecd0) thrown at [D:\re\workspace\8-2-build-windows-amd64-cygwin\jdk8u25\1677\hotspot\src\share\vm\prims\jvm.cpp, line 1312]
Event: 2.604 Thread 0x0000000017c61800 Implicit null exception at 0x000000000310f662 to 0x000000000310f752
Event: 2.613 Thread 0x00000000012fe800 Exception <a 'java/security/PrivilegedActionException'> (0x00000000eae6b838) thrown at [D:\re\workspace\8-2-build-windows-amd64-cygwin\jdk8u25\1677\hotspot\src\share\vm\prims\jvm.cpp, line 1312]
Event: 2.623 Thread 0x0000000017c89800 Implicit null exception at 0x0000000003113854 to 0x0000000003115671
Event: 2.963 Thread 0x00000000184d7000 Implicit null exception at 0x00000000032f3ceb to 0x00000000032f56cd
Event: 5.599 Thread 0x0000000017c89800 Exception <a 'java/security/PrivilegedActionException'> (0x00000000eadbfa08) thrown at [D:\re\workspace\8-2-build-windows-amd64-cygwin\jdk8u25\1677\hotspot\src\share\vm\prims\jvm.cpp, line 1312]
Event: 6.819 Thread 0x0000000017c61800 Exception <a 'java/security/PrivilegedActionException'> (0x00000000eb82a7d8) thrown at [D:\re\workspace\8-2-build-windows-amd64-cygwin\jdk8u25\1677\hotspot\src\share\vm\prims\jvm.cpp, line 1312]
Event: 6.837 Thread 0x0000000017c61800 Exception <a 'java/security/PrivilegedActionException'> (0x00000000eb8b1520) thrown at [D:\re\workspace\8-2-build-windows-amd64-cygwin\jdk8u25\1677\hotspot\src\share\vm\prims\jvm.cpp, line 1312]
Event: 9.566 Thread 0x0000000017c89800 Implicit null exception at 0x00000000033dbae5 to 0x00000000033dd181
Event: 11.526 Thread 0x00000000012fe800 Exception <a 'java/security/PrivilegedActionException'> (0x00000000eca3a220) thrown at [D:\re\workspace\8-2-build-windows-amd64-cygwin\jdk8u25\1677\hotspot\src\share\vm\prims\jvm.cpp, line 1312]

Events (10 events):
Event: 11.605 Thread 0x00000000012fe800 DEOPT PACKING pc=0x000000000305ef14 sp=0x0000000002c5ee70
Event: 11.605 Thread 0x00000000012fe800 DEOPT UNPACKING pc=0x0000000002e2556a sp=0x0000000002c5ed98 mode 2
Event: 11.606 Thread 0x00000000012fe800 Uncommon trap: trap_request=0xffffffc6 fr.pc=0x000000000300ce90
Event: 11.606 Thread 0x00000000012fe800 DEOPT PACKING pc=0x000000000300ce90 sp=0x0000000002c5ee10
Event: 11.606 Thread 0x00000000012fe800 DEOPT UNPACKING pc=0x0000000002e2556a sp=0x0000000002c5ed98 mode 2
Event: 11.615 Thread 0x00000000012fe800 Uncommon trap: trap_request=0xffffffde fr.pc=0x000000000358d2e4
Event: 11.615 Thread 0x00000000012fe800 DEOPT PACKING pc=0x000000000358d2e4 sp=0x0000000002c5eeb0
Event: 11.615 Thread 0x00000000012fe800 DEOPT UNPACKING pc=0x0000000002e2556a sp=0x0000000002c5edd8 mode 2
Event: 11.623 Executing VM operation: ParallelGCFailedAllocation
Event: 11.960 Executing VM operation: ParallelGCFailedAllocation done


Dynamic libraries:
0x00007ff6c6e40000 - 0x00007ff6c6e74000 	C:\Program Files\Java\jdk1.8.0_25\bin\java.exe
0x00007ffaf3530000 - 0x00007ffaf36dc000 	C:\Windows\SYSTEM32\ntdll.dll
0x00007ffaf2ee0000 - 0x00007ffaf301e000 	C:\Windows\system32\KERNEL32.DLL
0x00007ffaf0760000 - 0x00007ffaf0875000 	C:\Windows\system32\KERNELBASE.dll
0x00007ffaef210000 - 0x00007ffaef29e000 	C:\Windows\system32\apphelp.dll
0x00007ffadb640000 - 0x00007ffadb693000 	C:\Windows\AppPatch\AppPatch64\AcGenral.DLL
0x00007ffaf0d40000 - 0x00007ffaf0dea000 	C:\Windows\system32\msvcrt.dll
0x00007ffaf04c0000 - 0x00007ffaf04ee000 	C:\Windows\SYSTEM32\SspiCli.dll
0x00007ffaf2bc0000 - 0x00007ffaf2c14000 	C:\Windows\system32\SHLWAPI.dll
0x00007ffaf0bc0000 - 0x00007ffaf0d37000 	C:\Windows\system32\USER32.dll
0x00007ffaf0fb0000 - 0x00007ffaf1144000 	C:\Windows\system32\ole32.dll
0x00007ffaf1660000 - 0x00007ffaf2b79000 	C:\Windows\system32\SHELL32.dll
0x00007ffaefc30000 - 0x00007ffaefc51000 	C:\Windows\SYSTEM32\USERENV.dll
0x00007ffaf33c0000 - 0x00007ffaf346a000 	C:\Windows\system32\ADVAPI32.dll
0x00007ffae63a0000 - 0x00007ffae63be000 	C:\Windows\SYSTEM32\MPR.dll
0x00007ffaf2c80000 - 0x00007ffaf2dc1000 	C:\Windows\system32\RPCRT4.dll
0x00007ffaf1150000 - 0x00007ffaf11a9000 	C:\Windows\SYSTEM32\sechost.dll
0x00007ffaf31a0000 - 0x00007ffaf33b1000 	C:\Windows\SYSTEM32\combase.dll
0x00007ffaf0e60000 - 0x00007ffaf0fb0000 	C:\Windows\system32\GDI32.dll
0x00007ffaf0690000 - 0x00007ffaf06a5000 	C:\Windows\SYSTEM32\profapi.dll
0x00007ffaeecc0000 - 0x00007ffaeed72000 	C:\Windows\SYSTEM32\SHCORE.dll
0x00007ffaf2b80000 - 0x00007ffaf2bb6000 	C:\Windows\system32\IMM32.DLL
0x00007ffaf3020000 - 0x00007ffaf3172000 	C:\Windows\system32\MSCTF.dll
0x00007ffaee400000 - 0x00007ffaee67a000 	C:\Windows\WinSxS\amd64_microsoft.windows.common-controls_6595b64144ccf1df_6.0.9600.17810_none_6240b9c7ecbd0bda\COMCTL32.dll
0x00000000762d0000 - 0x00000000763a2000 	C:\Program Files\Java\jdk1.8.0_25\jre\bin\msvcr100.dll
0x0000000074e10000 - 0x000000007566a000 	C:\Program Files\Java\jdk1.8.0_25\jre\bin\server\jvm.dll
0x00007ffae71e0000 - 0x00007ffae71e9000 	C:\Windows\SYSTEM32\WSOCK32.dll
0x00007ffae7b70000 - 0x00007ffae7b92000 	C:\Windows\SYSTEM32\WINMM.dll
0x00007ffaf2dd0000 - 0x00007ffaf2dd7000 	C:\Windows\system32\PSAPI.DLL
0x00007ffaf1420000 - 0x00007ffaf147a000 	C:\Windows\system32\WS2_32.dll
0x00007ffae7b40000 - 0x00007ffae7b6a000 	C:\Windows\SYSTEM32\WINMMBASE.dll
0x00007ffaf2e00000 - 0x00007ffaf2e09000 	C:\Windows\system32\NSI.dll
0x00007ffaf08e0000 - 0x00007ffaf092f000 	C:\Windows\SYSTEM32\cfgmgr32.dll
0x00007ffaef4b0000 - 0x00007ffaef4d8000 	C:\Windows\SYSTEM32\DEVOBJ.dll
0x0000000050020000 - 0x000000005002f000 	C:\Program Files\Java\jdk1.8.0_25\jre\bin\verify.dll
0x00000000767f0000 - 0x0000000076818000 	C:\Program Files\Java\jdk1.8.0_25\jre\bin\java.dll
0x0000000050000000 - 0x0000000050016000 	C:\Program Files\Java\jdk1.8.0_25\jre\bin\zip.dll
0x00007ffadf200000 - 0x00007ffadf389000 	C:\Windows\SYSTEM32\dbghelp.dll

VM Arguments:
jvm_args: -Djava.awt.headless=true -Xmx1024M -Dfile.encoding=windows-1256 -Duser.country=US -Duser.language=en -Duser.variant 
java_command: com.android.dx.command.Main --dex --num-threads=4 --output E:\MoviesApp\app\build\intermediates\pre-dexed\debug\gson-2.2.4_3fff86f9700a82888846391d8a165d180c762c53.jar C:\Users\Adel Ewis\.gradle\caches\modules-2\files-2.1\com.google.code.gson\gson\2.2.4\a60a5e993c98c864010053cb901b7eab25306568\gson-2.2.4.jar
java_class_path (initial): C:\Android\sdk\build-tools\23.0.2\lib\dx.jar
Launcher Type: SUN_STANDARD

Environment Variables:
JAVA_HOME=C:\Program Files\Java\jdk1.8.0_25
PATH=C:\ProgramData\Oracle\Java\javapath;C:\Visual8\Common7\IDE;C:\Visual8\VC\BIN;C:\Visual8\Common7\Tools;C:\Visual8\Com;C:\Program Files\Microsoft SQL Server\120\Tools\Binn\;C:\Program Files\Microsoft SQL Server\Client SDK\ODBC\110\Tools\Binn\;C:\Program Files (x86)\Microsoft SQL Server\120\Tools\Binn\;C:\Program Files\Microsoft SQL Server\120\DTS\Binn\;C:\Program Files (x86)\Microsoft SQL Server\120\Tools\Binn\ManagementStudio\;C:\Program Files (x86)\Microsoft SQL Server\120\DTS\Binn\;C:\Program Files (x86)\AMD\ATI.ACE\Core-Static;C:\Program Files\Java\jdk1.8.0_25\bin;C:\wamp\bin\php\php5.5.12;C:\ProgramData\ComposerSetup\bin;C:\Program Files (x86)\CMake\bin;C:\Program Files (x86)\MySQL\MySQL Fabric 1.5.4 & MySQL Utilities 1.5.4 1.5\;C:\Program Files (x86)\MySQL\MySQL Fabric 1.5.4 & MySQL Utilities 1.5.4 1.5\Doctrine extensions for PHP\;C:\MinGW\bin;C:\MinGW\msys\1.0\bin;C:\Program Files (x86)\AMD APP SDK\3.0\bin\x86_64;C:\Program Files (x86)\AMD APP SDK\3.0\bin\x86;C:\Program Files (x86)\Common Files\lenovo\easyplussdk\bin;C:\Program Files\MATLAB\R2014b\runtime\win64;C:\Program Files\MATLAB\R2014b\bin;C:\Program Files (x86)\Common Files\Autodesk Shared\;C:\Program Files (x86)\Skype\Phone\;C:\Program Files (x86)\Microchip\mplabc18\v3.47\mpasm;C:\Program Files (x86)\Microchip\mplabc18\v3.47\bin;C:\Program Files\Intel\WiFi\bin\;C:\Program Files\Common Files\Intel\WirelessCommon\;C:\Users\Adel Ewis\AppData\Local\atom\bin
USERNAME=AdelEwis
OS=Windows_NT
PROCESSOR_IDENTIFIER=Intel64 Family 6 Model 58 Stepping 9, GenuineIntel



---------------  S Y S T E M  ---------------

OS: Windows 8.1 , 64 bit Build 9600 

CPU:total 8 (4 cores per cpu, 2 threads per core) family 6 model 58 stepping 9, cmov, cx8, fxsr, mmx, sse, sse2, sse3, ssse3, sse4.1, sse4.2, popcnt, avx, aes, clmul, erms, ht, tsc, tscinvbit, tscinv

Memory: 4k page, physical 6163816k(1284760k free), swap 9309544k(14396k free)

vm_info: Java HotSpot(TM) 64-Bit Server VM (25.25-b02) for windows-amd64 JRE (1.8.0_25-b18), built on Oct  7 2014 14:25:37 by "java_re" with MS VC++ 10.0 (VS2010)

time: Sat Jan 30 22:02:46 2016
elapsed time: 12 seconds (0d 0h 0m 12s)

