#
# There is insufficient memory for the Java Runtime Environment to continue.
# Native memory allocation (malloc) failed to allocate 364176 bytes for Chunk::new
# Possible reasons:
#   The system is out of physical RAM or swap space
#   In 32 bit mode, the process size limit was hit
# Possible solutions:
#   Reduce memory load on the system
#   Increase physical memory or swap space
#   Check if swap backing store is full
#   Use 64 bit Java on a 64 bit OS
#   Decrease Java heap size (-Xmx/-Xms)
#   Decrease number of Java threads
#   Decrease Java thread stack sizes (-Xss)
#   Set larger code cache with -XX:ReservedCodeCacheSize=
# This output file may be truncated or incomplete.
#
#  Out of Memory Error (allocation.cpp:390), pid=2952, tid=3108
#
# JRE version: Java(TM) SE Runtime Environment (8.0_25-b18) (build 1.8.0_25-b18)
# Java VM: Java HotSpot(TM) 64-Bit Server VM (25.25-b02 mixed mode windows-amd64 compressed oops)
# Failed to write core dump. Minidumps are not enabled by default on client versions of Windows
#

---------------  T H R E A D  ---------------

Current thread (0x00000000178ec800):  JavaThread "C2 CompilerThread2" daemon [_thread_in_native, id=3108, stack(0x0000000018070000,0x0000000018170000)]

Stack: [0x0000000018070000,0x0000000018170000]
Native frames: (J=compiled Java code, j=interpreted, Vv=VM code, C=native code)
V  [jvm.dll+0x31667a]
V  [jvm.dll+0x267073]
V  [jvm.dll+0x267cb3]
V  [jvm.dll+0x25f5b5]
V  [jvm.dll+0xbf165]
V  [jvm.dll+0xbf60c]
V  [jvm.dll+0x494f51]
V  [jvm.dll+0x4461c4]
V  [jvm.dll+0x45130e]
V  [jvm.dll+0x4538f8]
V  [jvm.dll+0x437372]
V  [jvm.dll+0x98a02]
V  [jvm.dll+0x991f3]
V  [jvm.dll+0x22bde4]
V  [jvm.dll+0x2852fa]
C  [msvcr100.dll+0x21d9f]
C  [msvcr100.dll+0x21e3b]
C  [KERNEL32.DLL+0x13d2]
C  [ntdll.dll+0x15444]


Current CompileTask:
C2:   2144 1184   !   4       com.android.dx.cf.cst.ConstantPoolParser::parse0 (731 bytes)


---------------  P R O C E S S  ---------------

Java Threads: ( => current thread )
  0x00000000185c4000 JavaThread "pool-1-thread-4" [_thread_blocked, id=8800, stack(0x0000000019070000,0x0000000019170000)]
  0x0000000018480800 JavaThread "pool-1-thread-3" [_thread_blocked, id=5932, stack(0x0000000018f70000,0x0000000019070000)]
  0x0000000017b76800 JavaThread "pool-1-thread-2" [_thread_blocked, id=6764, stack(0x0000000018e70000,0x0000000018f70000)]
  0x0000000017b73800 JavaThread "pool-2-thread-1" [_thread_blocked, id=5044, stack(0x0000000018d70000,0x0000000018e70000)]
  0x0000000017bfb000 JavaThread "pool-1-thread-1" [_thread_in_Java, id=8588, stack(0x0000000018c70000,0x0000000018d70000)]
  0x0000000017975000 JavaThread "Service Thread" daemon [_thread_blocked, id=8948, stack(0x0000000018270000,0x0000000018370000)]
  0x00000000178f0000 JavaThread "C1 CompilerThread3" daemon [_thread_blocked, id=4980, stack(0x0000000018170000,0x0000000018270000)]
=>0x00000000178ec800 JavaThread "C2 CompilerThread2" daemon [_thread_in_native, id=3108, stack(0x0000000018070000,0x0000000018170000)]
  0x00000000178e9000 JavaThread "C2 CompilerThread1" daemon [_thread_in_native, id=8700, stack(0x0000000017f70000,0x0000000018070000)]
  0x00000000178e6000 JavaThread "C2 CompilerThread0" daemon [_thread_in_native, id=6312, stack(0x0000000017e70000,0x0000000017f70000)]
  0x00000000178e3800 JavaThread "Attach Listener" daemon [_thread_blocked, id=2080, stack(0x0000000017d70000,0x0000000017e70000)]
  0x00000000178e2800 JavaThread "Signal Dispatcher" daemon [_thread_blocked, id=6376, stack(0x0000000017c70000,0x0000000017d70000)]
  0x0000000002d78800 JavaThread "Finalizer" daemon [_thread_blocked, id=1212, stack(0x0000000017770000,0x0000000017870000)]
  0x0000000002d72000 JavaThread "Reference Handler" daemon [_thread_blocked, id=2448, stack(0x0000000017670000,0x0000000017770000)]
  0x0000000002a9e800 JavaThread "main" [_thread_in_Java, id=312, stack(0x0000000002b80000,0x0000000002c80000)]

Other Threads:
  0x0000000015898800 VMThread [stack: 0x0000000017570000,0x0000000017670000] [id=4628]
  0x0000000017986000 WatcherThread [stack: 0x0000000018370000,0x0000000018470000] [id=2320]

VM state:not at safepoint (normal execution)

VM Mutex/Monitor currently owned by a thread: None

Heap:
 PSYoungGen      total 53248K, used 36773K [0x00000000eab00000, 0x00000000ee300000, 0x0000000100000000)
  eden space 49152K, 66% used [0x00000000eab00000,0x00000000ecaec9b0,0x00000000edb00000)
  from space 4096K, 99% used [0x00000000edf00000,0x00000000ee2fca80,0x00000000ee300000)
  to   space 4096K, 0% used [0x00000000edb00000,0x00000000edb00000,0x00000000edf00000)
 ParOldGen       total 65536K, used 11395K [0x00000000c0000000, 0x00000000c4000000, 0x00000000eab00000)
  object space 65536K, 17% used [0x00000000c0000000,0x00000000c0b20d00,0x00000000c4000000)
 Metaspace       used 6344K, capacity 7192K, committed 7424K, reserved 1056768K
  class space    used 615K, capacity 656K, committed 768K, reserved 1048576K

Card table byte_map: [0x0000000012140000,0x0000000012350000] byte_map_base: 0x0000000011b40000

Marking Bits: (ParMarkBitMap*) 0x00000000755ed490
 Begin Bits: [0x0000000012cb0000, 0x0000000013cb0000)
 End Bits:   [0x0000000013cb0000, 0x0000000014cb0000)

Polling page: 0x0000000001110000

CodeCache: size=245760Kb used=5828Kb max_used=5828Kb free=239931Kb
 bounds [0x0000000002d80000, 0x0000000003340000, 0x0000000011d80000]
 total_blobs=1900 nmethods=1636 adapters=178
 compilation: enabled

Compilation events (10 events):
Event: 1.769 Thread 0x00000000178f0000 nmethod 1439 0x0000000003289b10 code [0x0000000003289d20, 0x000000000328a378]
Event: 1.769 Thread 0x00000000178f0000 1461 %     3       com.android.dx.ssa.back.IdenticalBlockCombiner::process @ 79 (323 bytes)
Event: 1.772 Thread 0x00000000178f0000 nmethod 1461% 0x000000000328a950 code [0x000000000328ad00, 0x000000000328d378]
Event: 1.772 Thread 0x00000000178f0000 1462       2       com.android.dx.cf.code.Frame::initializeWithParameters (49 bytes)
Event: 1.772 Thread 0x00000000178f0000 nmethod 1462 0x000000000328e790 code [0x000000000328e920, 0x000000000328ebc8]
Event: 1.772 Thread 0x00000000178f0000 1464       2       com.android.dx.cf.code.Ropper::addSetupBlocks (535 bytes)
Event: 1.778 Thread 0x00000000178f0000 nmethod 1464 0x000000000328ee10 code [0x000000000328f460, 0x0000000003291e28]
Event: 1.778 Thread 0x00000000178f0000 1469       2       com.android.dx.ssa.SsaMethod::updateOneDefinition (70 bytes)
Event: 1.779 Thread 0x00000000178f0000 nmethod 1469 0x0000000003296bd0 code [0x0000000003296d60, 0x0000000003297088]
Event: 1.779 Thread 0x00000000178f0000 1471 %     3       com.android.dx.ssa.back.SsaToRop::removePhiFunctions @ 56 (83 bytes)

GC Heap History (6 events):
Event: 1.200 GC heap before
{Heap before GC invocations=1 (full 0):
 PSYoungGen      total 28672K, used 24576K [0x00000000eab00000, 0x00000000ecb00000, 0x0000000100000000)
  eden space 24576K, 100% used [0x00000000eab00000,0x00000000ec300000,0x00000000ec300000)
  from space 4096K, 0% used [0x00000000ec700000,0x00000000ec700000,0x00000000ecb00000)
  to   space 4096K, 0% used [0x00000000ec300000,0x00000000ec300000,0x00000000ec700000)
 ParOldGen       total 65536K, used 0K [0x00000000c0000000, 0x00000000c4000000, 0x00000000eab00000)
  object space 65536K, 0% used [0x00000000c0000000,0x00000000c0000000,0x00000000c4000000)
 Metaspace       used 5798K, capacity 6768K, committed 7040K, reserved 1056768K
  class space    used 593K, capacity 616K, committed 640K, reserved 1048576K
Event: 1.208 GC heap after
Heap after GC invocations=1 (full 0):
 PSYoungGen      total 28672K, used 4084K [0x00000000eab00000, 0x00000000ecb00000, 0x0000000100000000)
  eden space 24576K, 0% used [0x00000000eab00000,0x00000000eab00000,0x00000000ec300000)
  from space 4096K, 99% used [0x00000000ec300000,0x00000000ec6fd2e0,0x00000000ec700000)
  to   space 4096K, 0% used [0x00000000ec700000,0x00000000ec700000,0x00000000ecb00000)
 ParOldGen       total 65536K, used 794K [0x00000000c0000000, 0x00000000c4000000, 0x00000000eab00000)
  object space 65536K, 1% used [0x00000000c0000000,0x00000000c00c68b8,0x00000000c4000000)
 Metaspace       used 5798K, capacity 6768K, committed 7040K, reserved 1056768K
  class space    used 593K, capacity 616K, committed 640K, reserved 1048576K
}
Event: 1.462 GC heap before
{Heap before GC invocations=2 (full 0):
 PSYoungGen      total 28672K, used 28660K [0x00000000eab00000, 0x00000000ecb00000, 0x0000000100000000)
  eden space 24576K, 100% used [0x00000000eab00000,0x00000000ec300000,0x00000000ec300000)
  from space 4096K, 99% used [0x00000000ec300000,0x00000000ec6fd2e0,0x00000000ec700000)
  to   space 4096K, 0% used [0x00000000ec700000,0x00000000ec700000,0x00000000ecb00000)
 ParOldGen       total 65536K, used 794K [0x00000000c0000000, 0x00000000c4000000, 0x00000000eab00000)
  object space 65536K, 1% used [0x00000000c0000000,0x00000000c00c68b8,0x00000000c4000000)
 Metaspace       used 6036K, capacity 6960K, committed 7040K, reserved 1056768K
  class space    used 595K, capacity 616K, committed 640K, reserved 1048576K
Event: 1.474 GC heap after
Heap after GC invocations=2 (full 0):
 PSYoungGen      total 28672K, used 4080K [0x00000000eab00000, 0x00000000ee300000, 0x0000000100000000)
  eden space 24576K, 0% used [0x00000000eab00000,0x00000000eab00000,0x00000000ec300000)
  from space 4096K, 99% used [0x00000000ec700000,0x00000000ecafc2e0,0x00000000ecb00000)
  to   space 4096K, 0% used [0x00000000ec300000,0x00000000ec300000,0x00000000ec700000)
 ParOldGen       total 65536K, used 3836K [0x00000000c0000000, 0x00000000c4000000, 0x00000000eab00000)
  object space 65536K, 5% used [0x00000000c0000000,0x00000000c03bf008,0x00000000c4000000)
 Metaspace       used 6036K, capacity 6960K, committed 7040K, reserved 1056768K
  class space    used 595K, capacity 616K, committed 640K, reserved 1048576K
}
Event: 1.687 GC heap before
{Heap before GC invocations=3 (full 0):
 PSYoungGen      total 28672K, used 28656K [0x00000000eab00000, 0x00000000ee300000, 0x0000000100000000)
  eden space 24576K, 100% used [0x00000000eab00000,0x00000000ec300000,0x00000000ec300000)
  from space 4096K, 99% used [0x00000000ec700000,0x00000000ecafc2e0,0x00000000ecb00000)
  to   space 4096K, 0% used [0x00000000ec300000,0x00000000ec300000,0x00000000ec700000)
 ParOldGen       total 65536K, used 3836K [0x00000000c0000000, 0x00000000c4000000, 0x00000000eab00000)
  object space 65536K, 5% used [0x00000000c0000000,0x00000000c03bf008,0x00000000c4000000)
 Metaspace       used 6154K, capacity 7024K, committed 7296K, reserved 1056768K
  class space    used 595K, capacity 616K, committed 640K, reserved 1048576K
Event: 1.713 GC heap after
Heap after GC invocations=3 (full 0):
 PSYoungGen      total 28672K, used 4064K [0x00000000eab00000, 0x00000000ee300000, 0x0000000100000000)
  eden space 24576K, 0% used [0x00000000eab00000,0x00000000eab00000,0x00000000ec300000)
  from space 4096K, 99% used [0x00000000ec300000,0x00000000ec6f8230,0x00000000ec700000)
  to   space 4096K, 0% used [0x00000000edf00000,0x00000000edf00000,0x00000000ee300000)
 ParOldGen       total 65536K, used 7614K [0x00000000c0000000, 0x00000000c4000000, 0x00000000eab00000)
  object space 65536K, 11% used [0x00000000c0000000,0x00000000c076f940,0x00000000c4000000)
 Metaspace       used 6154K, capacity 7024K, committed 7296K, reserved 1056768K
  class space    used 595K, capacity 616K, committed 640K, reserved 1048576K
}

Deoptimization events (4 events):
Event: 1.113 Thread 0x0000000018480800 Uncommon trap: reason=bimorphic action=maybe_recompile pc=0x0000000002fa6250 method=java.util.HashMap.getNode(ILjava/lang/Object;)Ljava/util/HashMap$Node; @ 126
Event: 1.503 Thread 0x0000000002a9e800 Uncommon trap: reason=bimorphic action=maybe_recompile pc=0x00000000031125f4 method=java.util.HashMap.putVal(ILjava/lang/Object;Ljava/lang/Object;ZZ)Ljava/lang/Object; @ 203
Event: 1.553 Thread 0x0000000018480800 Uncommon trap: reason=unreached action=reinterpret pc=0x0000000002fd085c method=com.android.dx.rop.cst.Constant.compareTo(Lcom/android/dx/rop/cst/Constant;)I @ 12
Event: 1.778 Thread 0x0000000002a9e800 Uncommon trap: reason=unreached action=reinterpret pc=0x000000000302ac1c method=com.android.dx.ssa.SsaMethod.updateOneDefinition(Lcom/android/dx/ssa/SsaInsn;Lcom/android/dx/rop/code/RegisterSpec;)V @ 4

Internal exceptions (10 events):
Event: 1.075 Thread 0x0000000018480800 Exception <a 'java/security/PrivilegedActionException'> (0x00000000eb923320) thrown at [D:\re\workspace\8-2-build-windows-amd64-cygwin\jdk8u25\1677\hotspot\src\share\vm\prims\jvm.cpp, line 1312]
Event: 1.076 Thread 0x0000000018480800 Exception <a 'java/security/PrivilegedActionException'> (0x00000000eb928e80) thrown at [D:\re\workspace\8-2-build-windows-amd64-cygwin\jdk8u25\1677\hotspot\src\share\vm\prims\jvm.cpp, line 1312]
Event: 1.086 Thread 0x0000000002a9e800 Exception <a 'java/security/PrivilegedActionException'> (0x00000000ebbcf4b8) thrown at [D:\re\workspace\8-2-build-windows-amd64-cygwin\jdk8u25\1677\hotspot\src\share\vm\prims\jvm.cpp, line 1312]
Event: 1.120 Thread 0x0000000018480800 Exception <a 'java/security/PrivilegedActionException'> (0x00000000ebced698) thrown at [D:\re\workspace\8-2-build-windows-amd64-cygwin\jdk8u25\1677\hotspot\src\share\vm\prims\jvm.cpp, line 1312]
Event: 1.123 Thread 0x0000000017b76800 Exception <a 'java/security/PrivilegedActionException'> (0x00000000ebd54a40) thrown at [D:\re\workspace\8-2-build-windows-amd64-cygwin\jdk8u25\1677\hotspot\src\share\vm\prims\jvm.cpp, line 1312]
Event: 1.139 Thread 0x0000000017b76800 Exception <a 'java/security/PrivilegedActionException'> (0x00000000ebda5e50) thrown at [D:\re\workspace\8-2-build-windows-amd64-cygwin\jdk8u25\1677\hotspot\src\share\vm\prims\jvm.cpp, line 1312]
Event: 1.198 Thread 0x0000000017bfb000 Exception <a 'java/security/PrivilegedActionException'> (0x00000000ec255c90) thrown at [D:\re\workspace\8-2-build-windows-amd64-cygwin\jdk8u25\1677\hotspot\src\share\vm\prims\jvm.cpp, line 1312]
Event: 1.232 Thread 0x0000000017b76800 Exception <a 'java/security/PrivilegedActionException'> (0x00000000eae0ee48) thrown at [D:\re\workspace\8-2-build-windows-amd64-cygwin\jdk8u25\1677\hotspot\src\share\vm\prims\jvm.cpp, line 1312]
Event: 1.426 Thread 0x0000000002a9e800 Exception <a 'java/security/PrivilegedActionException'> (0x00000000ebf9e290) thrown at [D:\re\workspace\8-2-build-windows-amd64-cygwin\jdk8u25\1677\hotspot\src\share\vm\prims\jvm.cpp, line 1312]
Event: 1.777 Thread 0x0000000002a9e800 Exception <a 'java/security/PrivilegedActionException'> (0x00000000ebc83d10) thrown at [D:\re\workspace\8-2-build-windows-amd64-cygwin\jdk8u25\1677\hotspot\src\share\vm\prims\jvm.cpp, line 1312]

Events (10 events):
Event: 1.733 Thread 0x0000000002a9e800 DEOPT PACKING pc=0x0000000003064777 sp=0x0000000002c7e390
Event: 1.733 Thread 0x0000000002a9e800 DEOPT UNPACKING pc=0x0000000002dc75bf sp=0x0000000002c7e100 mode 0
Event: 1.736 Thread 0x0000000017bfb000 DEOPT UNPACKING pc=0x0000000002dc75bf sp=0x0000000018d6ead8 mode 0
Event: 1.769 Thread 0x0000000017bfb000 DEOPT PACKING pc=0x0000000003064777 sp=0x0000000018d6ed10
Event: 1.769 Thread 0x0000000017bfb000 DEOPT UNPACKING pc=0x0000000002dc75bf sp=0x0000000018d6ea90 mode 0
Event: 1.777 loading class com/android/dx/rop/code/RegOps
Event: 1.777 loading class com/android/dx/rop/code/RegOps done
Event: 1.778 Thread 0x0000000002a9e800 Uncommon trap: trap_request=0xffffffad fr.pc=0x000000000302ac1c
Event: 1.778 Thread 0x0000000002a9e800 DEOPT PACKING pc=0x000000000302ac1c sp=0x0000000002c7e390
Event: 1.778 Thread 0x0000000002a9e800 DEOPT UNPACKING pc=0x0000000002dc556a sp=0x0000000002c7e338 mode 2


Dynamic libraries:
0x00007ff6c6e40000 - 0x00007ff6c6e74000 	C:\Program Files\Java\jdk1.8.0_25\bin\java.exe
0x00007ffaf3530000 - 0x00007ffaf36dc000 	C:\Windows\SYSTEM32\ntdll.dll
0x00007ffaf2ee0000 - 0x00007ffaf301e000 	C:\Windows\system32\KERNEL32.DLL
0x00007ffaf0760000 - 0x00007ffaf0875000 	C:\Windows\system32\KERNELBASE.dll
0x00007ffaef210000 - 0x00007ffaef29e000 	C:\Windows\system32\apphelp.dll
0x00007ffadb640000 - 0x00007ffadb693000 	C:\Windows\AppPatch\AppPatch64\AcGenral.DLL
0x00007ffaf0d40000 - 0x00007ffaf0dea000 	C:\Windows\system32\msvcrt.dll
0x00007ffaf04c0000 - 0x00007ffaf04ee000 	C:\Windows\SYSTEM32\SspiCli.dll
0x00007ffaf2bc0000 - 0x00007ffaf2c14000 	C:\Windows\system32\SHLWAPI.dll
0x00007ffaf0bc0000 - 0x00007ffaf0d37000 	C:\Windows\system32\USER32.dll
0x00007ffaf0fb0000 - 0x00007ffaf1144000 	C:\Windows\system32\ole32.dll
0x00007ffaf1660000 - 0x00007ffaf2b79000 	C:\Windows\system32\SHELL32.dll
0x00007ffaefc30000 - 0x00007ffaefc51000 	C:\Windows\SYSTEM32\USERENV.dll
0x00007ffaf33c0000 - 0x00007ffaf346a000 	C:\Windows\system32\ADVAPI32.dll
0x00007ffae63a0000 - 0x00007ffae63be000 	C:\Windows\SYSTEM32\MPR.dll
0x00007ffaf2c80000 - 0x00007ffaf2dc1000 	C:\Windows\system32\RPCRT4.dll
0x00007ffaf1150000 - 0x00007ffaf11a9000 	C:\Windows\SYSTEM32\sechost.dll
0x00007ffaf31a0000 - 0x00007ffaf33b1000 	C:\Windows\SYSTEM32\combase.dll
0x00007ffaf0e60000 - 0x00007ffaf0fb0000 	C:\Windows\system32\GDI32.dll
0x00007ffaf0690000 - 0x00007ffaf06a5000 	C:\Windows\SYSTEM32\profapi.dll
0x00007ffaeecc0000 - 0x00007ffaeed72000 	C:\Windows\SYSTEM32\SHCORE.dll
0x00007ffaf2b80000 - 0x00007ffaf2bb6000 	C:\Windows\system32\IMM32.DLL
0x00007ffaf3020000 - 0x00007ffaf3172000 	C:\Windows\system32\MSCTF.dll
0x00007ffaee400000 - 0x00007ffaee67a000 	C:\Windows\WinSxS\amd64_microsoft.windows.common-controls_6595b64144ccf1df_6.0.9600.17810_none_6240b9c7ecbd0bda\COMCTL32.dll
0x00000000762d0000 - 0x00000000763a2000 	C:\Program Files\Java\jdk1.8.0_25\jre\bin\msvcr100.dll
0x0000000074e10000 - 0x000000007566a000 	C:\Program Files\Java\jdk1.8.0_25\jre\bin\server\jvm.dll
0x00007ffae71e0000 - 0x00007ffae71e9000 	C:\Windows\SYSTEM32\WSOCK32.dll
0x00007ffae7b70000 - 0x00007ffae7b92000 	C:\Windows\SYSTEM32\WINMM.dll
0x00007ffaf2dd0000 - 0x00007ffaf2dd7000 	C:\Windows\system32\PSAPI.DLL
0x00007ffaf1420000 - 0x00007ffaf147a000 	C:\Windows\system32\WS2_32.dll
0x00007ffae7b40000 - 0x00007ffae7b6a000 	C:\Windows\SYSTEM32\WINMMBASE.dll
0x00007ffaf2e00000 - 0x00007ffaf2e09000 	C:\Windows\system32\NSI.dll
0x00007ffaf08e0000 - 0x00007ffaf092f000 	C:\Windows\SYSTEM32\cfgmgr32.dll
0x00007ffaef4b0000 - 0x00007ffaef4d8000 	C:\Windows\SYSTEM32\DEVOBJ.dll
0x0000000050020000 - 0x000000005002f000 	C:\Program Files\Java\jdk1.8.0_25\jre\bin\verify.dll
0x00000000767f0000 - 0x0000000076818000 	C:\Program Files\Java\jdk1.8.0_25\jre\bin\java.dll
0x0000000050000000 - 0x0000000050016000 	C:\Program Files\Java\jdk1.8.0_25\jre\bin\zip.dll
0x00007ffadf200000 - 0x00007ffadf389000 	C:\Windows\SYSTEM32\dbghelp.dll

VM Arguments:
jvm_args: -Djava.awt.headless=true -Xmx1024M -Dfile.encoding=windows-1256 -Duser.country=US -Duser.language=en -Duser.variant 
java_command: com.android.dx.command.Main --dex --num-threads=4 --output E:\MoviesApp\app\build\intermediates\pre-dexed\debug\com.android.support-appcompat-v7-23.1.1_e58bf7ccdde050be2c71e3f62150abbf59efa773.jar E:\MoviesApp\app\build\intermediates\exploded-aar\com.android.support\appcompat-v7\23.1.1\jars\classes.jar
java_class_path (initial): C:\Android\sdk\build-tools\23.0.2\lib\dx.jar
Launcher Type: SUN_STANDARD

Environment Variables:
JAVA_HOME=C:\Program Files\Java\jdk1.8.0_25
PATH=C:\ProgramData\Oracle\Java\javapath;C:\Visual8\Common7\IDE;C:\Visual8\VC\BIN;C:\Visual8\Common7\Tools;C:\Visual8\Com;C:\Program Files\Microsoft SQL Server\120\Tools\Binn\;C:\Program Files\Microsoft SQL Server\Client SDK\ODBC\110\Tools\Binn\;C:\Program Files (x86)\Microsoft SQL Server\120\Tools\Binn\;C:\Program Files\Microsoft SQL Server\120\DTS\Binn\;C:\Program Files (x86)\Microsoft SQL Server\120\Tools\Binn\ManagementStudio\;C:\Program Files (x86)\Microsoft SQL Server\120\DTS\Binn\;C:\Program Files (x86)\AMD\ATI.ACE\Core-Static;C:\Program Files\Java\jdk1.8.0_25\bin;C:\wamp\bin\php\php5.5.12;C:\ProgramData\ComposerSetup\bin;C:\Program Files (x86)\CMake\bin;C:\Program Files (x86)\MySQL\MySQL Fabric 1.5.4 & MySQL Utilities 1.5.4 1.5\;C:\Program Files (x86)\MySQL\MySQL Fabric 1.5.4 & MySQL Utilities 1.5.4 1.5\Doctrine extensions for PHP\;C:\MinGW\bin;C:\MinGW\msys\1.0\bin;C:\Program Files (x86)\AMD APP SDK\3.0\bin\x86_64;C:\Program Files (x86)\AMD APP SDK\3.0\bin\x86;C:\Program Files (x86)\Common Files\lenovo\easyplussdk\bin;C:\Program Files\MATLAB\R2014b\runtime\win64;C:\Program Files\MATLAB\R2014b\bin;C:\Program Files (x86)\Common Files\Autodesk Shared\;C:\Program Files (x86)\Skype\Phone\;C:\Program Files (x86)\Microchip\mplabc18\v3.47\mpasm;C:\Program Files (x86)\Microchip\mplabc18\v3.47\bin;C:\Program Files\Intel\WiFi\bin\;C:\Program Files\Common Files\Intel\WirelessCommon\;C:\Users\Adel Ewis\AppData\Local\atom\bin
USERNAME=AdelEwis
OS=Windows_NT
PROCESSOR_IDENTIFIER=Intel64 Family 6 Model 58 Stepping 9, GenuineIntel



---------------  S Y S T E M  ---------------

OS: Windows 8.1 , 64 bit Build 9600 

CPU:total 8 (4 cores per cpu, 2 threads per core) family 6 model 58 stepping 9, cmov, cx8, fxsr, mmx, sse, sse2, sse3, ssse3, sse4.1, sse4.2, popcnt, avx, aes, clmul, erms, ht, tsc, tscinvbit, tscinv

Memory: 4k page, physical 6163816k(742288k free), swap 9309544k(14500k free)

vm_info: Java HotSpot(TM) 64-Bit Server VM (25.25-b02) for windows-amd64 JRE (1.8.0_25-b18), built on Oct  7 2014 14:25:37 by "java_re" with MS VC++ 10.0 (VS2010)

time: Sat Jan 30 21:54:21 2016
elapsed time: 2 seconds (0d 0h 0m 2s)

